Login successful.
Anthony  Forsht has latest record on:  2025-01-29
Audrey Bell has latest record on:  2025-01-13
Benjamin Tobin has latest record on:  2025-03-25
Boris Jukic has latest record on:  2025-03-24
Caitlyn Olive has latest record on:  2025-01-16
Carter Evans has latest record on:  2025-03-25
Eloise Dyer has latest record on:  2024-11-29
Emilio Jakubek has latest record on:  2024-11-20
Emma Cosgrove has latest record on:  2025-01-13
Everitt Mastrototoro has latest record on:  2024-12-17
Filip Marković has latest record on:  2025-02-08
Flannery Hodgdon has latest record on:  2024-12-02
Hailey McNitt has latest record on:  2025-03-03
Isabelle  Brown has latest record on:  None
No workouts found for rower ('Isabelle  Brown', {'name': 'Isabelle  Brown', 'partner_id': '1673750'})
Katherine Bolebruch has latest record on:  2024-11-28
Megan Miller has latest record on:  2024-12-15
Ryan Graham has latest record on:  2024-11-20
Ryan  Muldoon has latest record on:  2025-03-04
Sarah Fish has latest record on:  None
No workouts found for rower ('Sarah Fish', {'name': 'Sarah Fish', 'partner_id': '1749968'})
Timothy Hewitt has latest record on:  2025-03-25
Tom Kiefer has latest record on:  None
No workouts found for rower ('Tom Kiefer', {'name': 'Tom Kiefer', 'partner_id': '2451871'})
Toni Crnjak has latest record on:  2025-03-25
Trent Crook has latest record on:  2025-01-13
Vukota Miric has latest record on:  2025-02-11
Wendy Shih has latest record on:  2025-02-07
Script ran successfully! Elapsed time:  88.42711234092712
Login successful.
Anthony  Forsht has latest record on:  2025-01-29
Audrey Bell has latest record on:  2025-01-13
Benjamin Tobin has latest record on:  2025-03-25
Boris Jukic has latest record on:  2025-03-24
Caitlyn Olive has latest record on:  2025-01-16
Carter Evans has latest record on:  2025-03-25
Eloise Dyer has latest record on:  2024-11-29
Emilio Jakubek has latest record on:  2024-11-20
Emma Cosgrove has latest record on:  2025-01-13
Everitt Mastrototoro has latest record on:  2024-12-17
Filip Marković has latest record on:  2025-02-08
Flannery Hodgdon has latest record on:  2024-12-02
Hailey McNitt has latest record on:  2025-03-03
Isabelle  Brown has latest record on:  None
No workouts found for rower ('Isabelle  Brown', {'name': 'Isabelle  Brown', 'partner_id': '1673750'})
Katherine Bolebruch has latest record on:  2024-11-28
Megan Miller has latest record on:  2024-12-15
Ryan Graham has latest record on:  2024-11-20
Ryan  Muldoon has latest record on:  2025-03-04
Sarah Fish has latest record on:  None
No workouts found for rower ('Sarah Fish', {'name': 'Sarah Fish', 'partner_id': '1749968'})
Timothy Hewitt has latest record on:  2025-03-25
Tom Kiefer has latest record on:  None
No workouts found for rower ('Tom Kiefer', {'name': 'Tom Kiefer', 'partner_id': '2451871'})
Toni Crnjak has latest record on:  2025-03-25
Trent Crook has latest record on:  2025-01-13
Vukota Miric has latest record on:  2025-02-11
Wendy Shih has latest record on:  2025-02-07
Script ran successfully! Elapsed time:  92.06393551826477
Login successful.
Anthony  Forsht has latest record on:  2025-01-29
Audrey Bell has latest record on:  2025-01-13
Benjamin Tobin has latest record on:  2025-03-25
Boris Jukic has latest record on:  2025-03-27
Caitlyn Olive has latest record on:  2025-01-16
Carter Evans has latest record on:  2025-03-25
Eloise Dyer has latest record on:  2024-11-29
Emilio Jakubek has latest record on:  2024-11-20
Emma Cosgrove has latest record on:  2025-01-13
Everitt Mastrototoro has latest record on:  2024-12-17
Filip Marković has latest record on:  2025-02-08
Flannery Hodgdon has latest record on:  2024-12-02
Hailey McNitt has latest record on:  2025-03-03
Isabelle  Brown has latest record on:  None
No workouts found for rower ('Isabelle  Brown', {'name': 'Isabelle  Brown', 'partner_id': '1673750'})
Katherine Bolebruch has latest record on:  2024-11-28
Megan Miller has latest record on:  2024-12-15
Ryan Graham has latest record on:  2024-11-20
Ryan  Muldoon has latest record on:  2025-03-04
Sarah Fish has latest record on:  None
No workouts found for rower ('Sarah Fish', {'name': 'Sarah Fish', 'partner_id': '1749968'})
Timothy Hewitt has latest record on:  2025-03-25
Tom Kiefer has latest record on:  None
No workouts found for rower ('Tom Kiefer', {'name': 'Tom Kiefer', 'partner_id': '2451871'})
Toni Crnjak has latest record on:  2025-03-25
Trent Crook has latest record on:  2025-01-13
Vukota Miric has latest record on:  2025-02-11
Wendy Shih has latest record on:  2025-02-07
Script ran successfully! Elapsed time:  88.65017247200012
Login successful.
Anthony  Forsht has latest record on:  2025-01-29
Audrey Bell has latest record on:  2025-01-13
Benjamin Tobin has latest record on:  2025-03-29
Boris Jukic has latest record on:  2025-03-28
Caitlyn Olive has latest record on:  2025-01-16
Carter Evans has latest record on:  2025-03-28
Eloise Dyer has latest record on:  2024-11-29
Emilio Jakubek has latest record on:  2024-11-20
Emma Cosgrove has latest record on:  2025-01-13
Everitt Mastrototoro has latest record on:  2024-12-17
Filip Marković has latest record on:  2025-02-08
Flannery Hodgdon has latest record on:  2024-12-02
Hailey McNitt has latest record on:  2025-03-03
Isabelle  Brown has latest record on:  None
No workouts found for rower ('Isabelle  Brown', {'name': 'Isabelle  Brown', 'partner_id': '1673750'})
Katherine Bolebruch has latest record on:  2024-11-28
Megan Miller has latest record on:  2024-12-15
Ryan Graham has latest record on:  2024-11-20
Ryan  Muldoon has latest record on:  2025-03-04
Sarah Fish has latest record on:  None
No workouts found for rower ('Sarah Fish', {'name': 'Sarah Fish', 'partner_id': '1749968'})
Timothy Hewitt has latest record on:  2025-03-29
Tom Kiefer has latest record on:  None
No workouts found for rower ('Tom Kiefer', {'name': 'Tom Kiefer', 'partner_id': '2451871'})
Toni Crnjak has latest record on:  2025-03-29
Trent Crook has latest record on:  2025-01-13
Vukota Miric has latest record on:  2025-02-11
Wendy Shih has latest record on:  2025-02-07
Script ran successfully! Elapsed time:  74.29341053962708
Login successful.
Anthony  Forsht has latest record on:  2025-01-29
Audrey Bell has latest record on:  2025-01-13
Benjamin Tobin has latest record on:  2025-03-29
Boris Jukic has latest record on:  2025-03-28
Caitlyn Olive has latest record on:  2025-01-16
Carter Evans has latest record on:  2025-03-28
Eloise Dyer has latest record on:  2024-11-29
Emilio Jakubek has latest record on:  2024-11-20
Emma Cosgrove has latest record on:  2025-01-13
Everitt Mastrototoro has latest record on:  2024-12-17
Filip Marković has latest record on:  2025-02-08
Flannery Hodgdon has latest record on:  2024-12-02
Hailey McNitt has latest record on:  2025-03-03
Isabelle  Brown has latest record on:  None
No workouts found for rower ('Isabelle  Brown', {'name': 'Isabelle  Brown', 'partner_id': '1673750'})
Katherine Bolebruch has latest record on:  2024-11-28
Megan Miller has latest record on:  2024-12-15
Ryan Graham has latest record on:  2024-11-20
Ryan  Muldoon has latest record on:  2025-03-04
Sarah Fish has latest record on:  None
No workouts found for rower ('Sarah Fish', {'name': 'Sarah Fish', 'partner_id': '1749968'})
Timothy Hewitt has latest record on:  2025-03-29
Tom Kiefer has latest record on:  None
No workouts found for rower ('Tom Kiefer', {'name': 'Tom Kiefer', 'partner_id': '2451871'})
Toni Crnjak has latest record on:  2025-03-29
Trent Crook has latest record on:  2025-01-13
Vukota Miric has latest record on:  2025-02-11
Wendy Shih has latest record on:  2025-02-07
Script ran successfully! Elapsed time:  86.75796127319336
Login successful.
Anthony  Forsht has latest record on:  2025-01-29
Audrey Bell has latest record on:  2025-01-13
Benjamin Tobin has latest record on:  2025-03-29
Boris Jukic has latest record on:  2025-03-31
Caitlyn Olive has latest record on:  2025-01-16
Carter Evans has latest record on:  2025-03-30
Eloise Dyer has latest record on:  2024-11-29
Emilio Jakubek has latest record on:  2024-11-20
Emma Cosgrove has latest record on:  2025-01-13
Everitt Mastrototoro has latest record on:  2024-12-17
Filip Marković has latest record on:  2025-02-08
Flannery Hodgdon has latest record on:  2024-12-02
Hailey McNitt has latest record on:  2025-03-03
Isabelle  Brown has latest record on:  None
No workouts found for rower ('Isabelle  Brown', {'name': 'Isabelle  Brown', 'partner_id': '1673750'})
Katherine Bolebruch has latest record on:  2024-11-28
Megan Miller has latest record on:  2024-12-15
Ryan Graham has latest record on:  2024-11-20
Ryan  Muldoon has latest record on:  2025-03-04
Sarah Fish has latest record on:  None
No workouts found for rower ('Sarah Fish', {'name': 'Sarah Fish', 'partner_id': '1749968'})
Timothy Hewitt has latest record on:  2025-03-31
Tom Kiefer has latest record on:  None
No workouts found for rower ('Tom Kiefer', {'name': 'Tom Kiefer', 'partner_id': '2451871'})
Toni Crnjak has latest record on:  2025-03-31
Trent Crook has latest record on:  2025-01-13
Vukota Miric has latest record on:  2025-02-11
Wendy Shih has latest record on:  2025-02-07
Script ran successfully! Elapsed time:  84.8232090473175
Login successful.
Anthony  Forsht has latest record on:  2025-01-29
Audrey Bell has latest record on:  2025-01-13
Benjamin Tobin has latest record on:  2025-03-29
Boris Jukic has latest record on:  2025-04-01
Caitlyn Olive has latest record on:  2025-01-16
Carter Evans has latest record on:  2025-03-30
Eloise Dyer has latest record on:  2024-11-29
Emilio Jakubek has latest record on:  2024-11-20
Emma Cosgrove has latest record on:  2025-01-13
Everitt Mastrototoro has latest record on:  2024-12-17
Filip Marković has latest record on:  2025-02-08
Flannery Hodgdon has latest record on:  2024-12-02
Hailey McNitt has latest record on:  2025-03-03
Isabelle  Brown has latest record on:  None
No workouts found for rower ('Isabelle  Brown', {'name': 'Isabelle  Brown', 'partner_id': '1673750'})
Katherine Bolebruch has latest record on:  2024-11-28
Megan Miller has latest record on:  2024-12-15
Ryan Graham has latest record on:  2024-11-20
Ryan  Muldoon has latest record on:  2025-03-04
Sarah Fish has latest record on:  None
No workouts found for rower ('Sarah Fish', {'name': 'Sarah Fish', 'partner_id': '1749968'})
Timothy Hewitt has latest record on:  2025-03-31
Tom Kiefer has latest record on:  None
No workouts found for rower ('Tom Kiefer', {'name': 'Tom Kiefer', 'partner_id': '2451871'})
Toni Crnjak has latest record on:  2025-03-31
Trent Crook has latest record on:  2025-01-13
Vukota Miric has latest record on:  2025-02-11
Wendy Shih has latest record on:  2025-02-07
Script ran successfully! Elapsed time:  71.46865844726562
Login successful.
Anthony  Forsht has latest record on:  2025-01-29
Audrey Bell has latest record on:  2025-01-13
Benjamin Tobin has latest record on:  2025-03-29
Boris Jukic has latest record on:  2025-04-01
Caitlyn Olive has latest record on:  2025-01-16
Carter Evans has latest record on:  2025-03-30
Eloise Dyer has latest record on:  2024-11-29
Emilio Jakubek has latest record on:  2024-11-20
Emma Cosgrove has latest record on:  2025-01-13
Everitt Mastrototoro has latest record on:  2024-12-17
Filip Marković has latest record on:  2025-02-08
Flannery Hodgdon has latest record on:  2024-12-02
Hailey McNitt has latest record on:  2025-03-03
Isabelle  Brown has latest record on:  None
No workouts found for rower ('Isabelle  Brown', {'name': 'Isabelle  Brown', 'partner_id': '1673750'})
Katherine Bolebruch has latest record on:  2024-11-28
Megan Miller has latest record on:  2024-12-15
Ryan Graham has latest record on:  2024-11-20
Ryan  Muldoon has latest record on:  2025-03-04
Sarah Fish has latest record on:  None
No workouts found for rower ('Sarah Fish', {'name': 'Sarah Fish', 'partner_id': '1749968'})
Timothy Hewitt has latest record on:  2025-03-31
Tom Kiefer has latest record on:  None
No workouts found for rower ('Tom Kiefer', {'name': 'Tom Kiefer', 'partner_id': '2451871'})
Toni Crnjak has latest record on:  2025-03-31
Trent Crook has latest record on:  2025-01-13
Vukota Miric has latest record on:  2025-02-11
Wendy Shih has latest record on:  2025-02-07
Script ran successfully! Elapsed time:  81.27119255065918
Login successful.
Anthony  Forsht has latest record on:  2025-01-29
Audrey Bell has latest record on:  2025-01-13
Benjamin Tobin has latest record on:  2025-04-03
Boris Jukic has latest record on:  2025-04-03
Caitlyn Olive has latest record on:  2025-01-16
Carter Evans has latest record on:  2025-03-30
Eloise Dyer has latest record on:  2024-11-29
Emilio Jakubek has latest record on:  2024-11-20
Emma Cosgrove has latest record on:  2025-01-13
Everitt Mastrototoro has latest record on:  2024-12-17
Filip Marković has latest record on:  2025-02-08
Flannery Hodgdon has latest record on:  2024-12-02
Hailey McNitt has latest record on:  2025-03-03
Isabelle  Brown has latest record on:  None
No workouts found for rower ('Isabelle  Brown', {'name': 'Isabelle  Brown', 'partner_id': '1673750'})
Katherine Bolebruch has latest record on:  2024-11-28
Megan Miller has latest record on:  2024-12-15
Ryan Graham has latest record on:  2024-11-20
Ryan  Muldoon has latest record on:  2025-03-04
Sarah Fish has latest record on:  None
No workouts found for rower ('Sarah Fish', {'name': 'Sarah Fish', 'partner_id': '1749968'})
Timothy Hewitt has latest record on:  2025-03-31
Tom Kiefer has latest record on:  None
No workouts found for rower ('Tom Kiefer', {'name': 'Tom Kiefer', 'partner_id': '2451871'})
Toni Crnjak has latest record on:  2025-04-03
Trent Crook has latest record on:  2025-01-13
Vukota Miric has latest record on:  2025-02-11
Wendy Shih has latest record on:  2025-04-03
Script ran successfully! Elapsed time:  77.2346773147583
Login successful.
Anthony  Forsht has latest record on:  2025-01-29
Audrey Bell has latest record on:  2025-01-13
Benjamin Tobin has latest record on:  2025-04-03
Boris Jukic has latest record on:  2025-04-03
Caitlyn Olive has latest record on:  2025-01-16
Carter Evans has latest record on:  2025-04-03
Eloise Dyer has latest record on:  2024-11-29
Emilio Jakubek has latest record on:  2024-11-20
Emma Cosgrove has latest record on:  2025-01-13
Everitt Mastrototoro has latest record on:  2024-12-17
Filip Marković has latest record on:  2025-02-08
Flannery Hodgdon has latest record on:  2024-12-02
Hailey McNitt has latest record on:  2025-03-03
Isabelle  Brown has latest record on:  None
No workouts found for rower ('Isabelle  Brown', {'name': 'Isabelle  Brown', 'partner_id': '1673750'})
Katherine Bolebruch has latest record on:  2024-11-28
Megan Miller has latest record on:  2024-12-15
Ryan Graham has latest record on:  2024-11-20
Ryan  Muldoon has latest record on:  2025-03-04
Sarah Fish has latest record on:  None
No workouts found for rower ('Sarah Fish', {'name': 'Sarah Fish', 'partner_id': '1749968'})
Timothy Hewitt has latest record on:  2025-03-31
Tom Kiefer has latest record on:  None
No workouts found for rower ('Tom Kiefer', {'name': 'Tom Kiefer', 'partner_id': '2451871'})
Toni Crnjak has latest record on:  2025-04-03
Trent Crook has latest record on:  2025-01-13
Vukota Miric has latest record on:  2025-02-11
Wendy Shih has latest record on:  2025-04-03
Script ran successfully! Elapsed time:  77.12392663955688
Login successful.
Anthony  Forsht has latest record on:  2025-01-29
Audrey Bell has latest record on:  2025-01-13
Benjamin Tobin has latest record on:  2025-04-03
Boris Jukic has latest record on:  2025-04-05
Caitlyn Olive has latest record on:  2025-01-16
Carter Evans has latest record on:  2025-04-03
Eloise Dyer has latest record on:  2024-11-29
Emilio Jakubek has latest record on:  2024-11-20
Emma Cosgrove has latest record on:  2025-01-13
Everitt Mastrototoro has latest record on:  2024-12-17
Filip Marković has latest record on:  2025-02-08
Flannery Hodgdon has latest record on:  2024-12-02
Hailey McNitt has latest record on:  2025-03-03
Isabelle  Brown has latest record on:  None
No workouts found for rower ('Isabelle  Brown', {'name': 'Isabelle  Brown', 'partner_id': '1673750'})
Katherine Bolebruch has latest record on:  2024-11-28
Megan Miller has latest record on:  2024-12-15
Ryan Graham has latest record on:  2024-11-20
Ryan  Muldoon has latest record on:  2025-03-04
Sarah Fish has latest record on:  None
No workouts found for rower ('Sarah Fish', {'name': 'Sarah Fish', 'partner_id': '1749968'})
Timothy Hewitt has latest record on:  2025-03-31
Tom Kiefer has latest record on:  None
No workouts found for rower ('Tom Kiefer', {'name': 'Tom Kiefer', 'partner_id': '2451871'})
Toni Crnjak has latest record on:  2025-04-03
Trent Crook has latest record on:  2025-01-13
Vukota Miric has latest record on:  2025-02-11
Wendy Shih has latest record on:  2025-04-03
Script ran successfully! Elapsed time:  76.85080313682556
Login successful.
Anthony  Forsht has latest record on:  2025-01-29
Audrey Bell has latest record on:  2025-01-13
Benjamin Tobin has latest record on:  2025-04-03
Boris Jukic has latest record on:  2025-04-07
Caitlyn Olive has latest record on:  2025-01-16
Carter Evans has latest record on:  2025-04-06
Eloise Dyer has latest record on:  2024-11-29
Emilio Jakubek has latest record on:  2024-11-20
Emma Cosgrove has latest record on:  2025-01-13
Everitt Mastrototoro has latest record on:  2024-12-17
Filip Marković has latest record on:  2025-02-08
Flannery Hodgdon has latest record on:  2024-12-02
Hailey McNitt has latest record on:  2025-03-03
Isabelle  Brown has latest record on:  None
No workouts found for rower ('Isabelle  Brown', {'name': 'Isabelle  Brown', 'partner_id': '1673750'})
Katherine Bolebruch has latest record on:  2024-11-28
Megan Miller has latest record on:  2024-12-15
Ryan Graham has latest record on:  2024-11-20
Ryan  Muldoon has latest record on:  2025-03-04
Sarah Fish has latest record on:  None
No workouts found for rower ('Sarah Fish', {'name': 'Sarah Fish', 'partner_id': '1749968'})
Timothy Hewitt has latest record on:  2025-03-31
Tom Kiefer has latest record on:  None
No workouts found for rower ('Tom Kiefer', {'name': 'Tom Kiefer', 'partner_id': '2451871'})
Toni Crnjak has latest record on:  2025-04-03
Trent Crook has latest record on:  2025-01-13
Vukota Miric has latest record on:  2025-02-11
Wendy Shih has latest record on:  2025-04-03
Script ran successfully! Elapsed time:  90.93823766708374
Login successful.
Anthony  Forsht has latest record on:  2025-01-29
Audrey Bell has latest record on:  2025-01-13
Benjamin Tobin has latest record on:  2025-04-03
Boris Jukic has latest record on:  2025-04-07
Caitlyn Olive has latest record on:  2025-01-16
Carter Evans has latest record on:  2025-04-06
Eloise Dyer has latest record on:  2024-11-29
Emilio Jakubek has latest record on:  2024-11-20
Emma Cosgrove has latest record on:  2025-01-13
Everitt Mastrototoro has latest record on:  2024-12-17
Filip Marković has latest record on:  2025-02-08
Flannery Hodgdon has latest record on:  2024-12-02
Hailey McNitt has latest record on:  2025-03-03
Isabelle  Brown has latest record on:  None
No workouts found for rower ('Isabelle  Brown', {'name': 'Isabelle  Brown', 'partner_id': '1673750'})
Katherine Bolebruch has latest record on:  2024-11-28
Megan Miller has latest record on:  2024-12-15
Ryan Graham has latest record on:  2024-11-20
Ryan  Muldoon has latest record on:  2025-03-04
Sarah Fish has latest record on:  None
No workouts found for rower ('Sarah Fish', {'name': 'Sarah Fish', 'partner_id': '1749968'})
Timothy Hewitt has latest record on:  2025-03-31
Tom Kiefer has latest record on:  None
No workouts found for rower ('Tom Kiefer', {'name': 'Tom Kiefer', 'partner_id': '2451871'})
Toni Crnjak has latest record on:  2025-04-03
Trent Crook has latest record on:  2025-01-13
Vukota Miric has latest record on:  2025-02-11
Wendy Shih has latest record on:  2025-04-03
Script ran successfully! Elapsed time:  103.31994938850403
Login successful.
Anthony  Forsht has latest record on:  2025-01-29
Audrey Bell has latest record on:  2025-01-13
Benjamin Tobin has latest record on:  2025-04-03
Boris Jukic has latest record on:  2025-04-07
Caitlyn Olive has latest record on:  2025-01-16
Carter Evans has latest record on:  2025-04-06
Eloise Dyer has latest record on:  2024-11-29
Emilio Jakubek has latest record on:  2024-11-20
Emma Cosgrove has latest record on:  2025-01-13
Everitt Mastrototoro has latest record on:  2024-12-17
Filip Marković has latest record on:  2025-02-08
Flannery Hodgdon has latest record on:  2024-12-02
Hailey McNitt has latest record on:  2025-03-03
Isabelle  Brown has latest record on:  None
No workouts found for rower ('Isabelle  Brown', {'name': 'Isabelle  Brown', 'partner_id': '1673750'})
Katherine Bolebruch has latest record on:  2024-11-28
Megan Miller has latest record on:  2024-12-15
Ryan Graham has latest record on:  2024-11-20
Ryan  Muldoon has latest record on:  2025-03-04
Sarah Fish has latest record on:  None
No workouts found for rower ('Sarah Fish', {'name': 'Sarah Fish', 'partner_id': '1749968'})
Timothy Hewitt has latest record on:  2025-03-31
Tom Kiefer has latest record on:  None
No workouts found for rower ('Tom Kiefer', {'name': 'Tom Kiefer', 'partner_id': '2451871'})
Toni Crnjak has latest record on:  2025-04-08
Trent Crook has latest record on:  2025-01-13
Vukota Miric has latest record on:  2025-02-11
Wendy Shih has latest record on:  2025-04-08
Script ran successfully! Elapsed time:  88.15200662612915
Login successful.
Anthony  Forsht has latest record on:  2025-01-29
Audrey Bell has latest record on:  2025-01-13
Benjamin Tobin has latest record on:  2025-04-03
Boris Jukic has latest record on:  2025-04-10
Caitlyn Olive has latest record on:  2025-01-16
Carter Evans has latest record on:  2025-04-09
Eloise Dyer has latest record on:  2024-11-29
Emilio Jakubek has latest record on:  2024-11-20
Emma Cosgrove has latest record on:  2025-01-13
Everitt Mastrototoro has latest record on:  2024-12-17
Filip Marković has latest record on:  2025-02-08
Flannery Hodgdon has latest record on:  2024-12-02
Hailey McNitt has latest record on:  2025-03-03
Isabelle  Brown has latest record on:  None
No workouts found for rower ('Isabelle  Brown', {'name': 'Isabelle  Brown', 'partner_id': '1673750'})
Katherine Bolebruch has latest record on:  2024-11-28
Megan Miller has latest record on:  2024-12-15
Ryan Graham has latest record on:  2024-11-20
Ryan  Muldoon has latest record on:  2025-03-04
Sarah Fish has latest record on:  None
No workouts found for rower ('Sarah Fish', {'name': 'Sarah Fish', 'partner_id': '1749968'})
Timothy Hewitt has latest record on:  2025-03-31
Tom Kiefer has latest record on:  None
No workouts found for rower ('Tom Kiefer', {'name': 'Tom Kiefer', 'partner_id': '2451871'})
Toni Crnjak has latest record on:  2025-04-08
Trent Crook has latest record on:  2025-01-13
Vukota Miric has latest record on:  2025-02-11
Wendy Shih has latest record on:  2025-04-08
Script ran successfully! Elapsed time:  79.95347476005554
Login successful.
Anthony  Forsht has latest record on:  2025-01-29
Audrey Bell has latest record on:  2025-01-13
Benjamin Tobin has latest record on:  2025-04-03
Boris Jukic has latest record on:  2025-04-12
Caitlyn Olive has latest record on:  2025-01-16
Carter Evans has latest record on:  2025-04-09
Eloise Dyer has latest record on:  2024-11-29
Emilio Jakubek has latest record on:  2024-11-20
Emma Cosgrove has latest record on:  2025-01-13
Everitt Mastrototoro has latest record on:  2024-12-17
Filip Marković has latest record on:  2025-02-08
Flannery Hodgdon has latest record on:  2024-12-02
Hailey McNitt has latest record on:  2025-03-03
Isabelle  Brown has latest record on:  None
No workouts found for rower ('Isabelle  Brown', {'name': 'Isabelle  Brown', 'partner_id': '1673750'})
Katherine Bolebruch has latest record on:  2024-11-28
Megan Miller has latest record on:  2024-12-15
Ryan Graham has latest record on:  2024-11-20
Ryan  Muldoon has latest record on:  2025-03-04
Sarah Fish has latest record on:  None
No workouts found for rower ('Sarah Fish', {'name': 'Sarah Fish', 'partner_id': '1749968'})
Timothy Hewitt has latest record on:  2025-03-31
Tom Kiefer has latest record on:  None
No workouts found for rower ('Tom Kiefer', {'name': 'Tom Kiefer', 'partner_id': '2451871'})
Toni Crnjak has latest record on:  2025-04-09
Trent Crook has latest record on:  2025-01-13
Vukota Miric has latest record on:  2025-02-11
Wendy Shih has latest record on:  2025-04-08
Script ran successfully! Elapsed time:  75.65158557891846
Login successful.
Anthony  Forsht has latest record on:  2025-01-29
Audrey Bell has latest record on:  2025-01-13
Benjamin Tobin has latest record on:  2025-04-03
Boris Jukic has latest record on:  2025-04-13
Caitlyn Olive has latest record on:  2025-01-16
Carter Evans has latest record on:  2025-04-09
Eloise Dyer has latest record on:  2024-11-29
Emilio Jakubek has latest record on:  2024-11-20
Emma Cosgrove has latest record on:  2025-01-13
Everitt Mastrototoro has latest record on:  2024-12-17
Filip Marković has latest record on:  2025-02-08
Flannery Hodgdon has latest record on:  2024-12-02
Hailey McNitt has latest record on:  2025-03-03
Isabelle  Brown has latest record on:  None
No workouts found for rower ('Isabelle  Brown', {'name': 'Isabelle  Brown', 'partner_id': '1673750'})
Katherine Bolebruch has latest record on:  2024-11-28
Megan Miller has latest record on:  2024-12-15
Ryan Graham has latest record on:  2024-11-20
Ryan  Muldoon has latest record on:  2025-03-04
Sarah Fish has latest record on:  None
No workouts found for rower ('Sarah Fish', {'name': 'Sarah Fish', 'partner_id': '1749968'})
Timothy Hewitt has latest record on:  2025-03-31
Tom Kiefer has latest record on:  None
No workouts found for rower ('Tom Kiefer', {'name': 'Tom Kiefer', 'partner_id': '2451871'})
Toni Crnjak has latest record on:  2025-04-09
Trent Crook has latest record on:  2025-01-13
Vukota Miric has latest record on:  2025-02-11
Wendy Shih has latest record on:  2025-04-08
Script ran successfully! Elapsed time:  83.24545240402222
Login successful.
Anthony  Forsht has latest record on:  2025-01-29
Audrey Bell has latest record on:  2025-01-13
Benjamin Tobin has latest record on:  2025-04-03
Boris Jukic has latest record on:  2025-04-15
Caitlyn Olive has latest record on:  2025-01-16
Carter Evans has latest record on:  2025-04-09
Eloise Dyer has latest record on:  2024-11-29
Emilio Jakubek has latest record on:  2024-11-20
Emma Cosgrove has latest record on:  2025-01-13
Everitt Mastrototoro has latest record on:  2024-12-17
Filip Marković has latest record on:  2025-02-08
Flannery Hodgdon has latest record on:  2024-12-02
Hailey McNitt has latest record on:  2025-03-03
Isabelle  Brown has latest record on:  None
No workouts found for rower ('Isabelle  Brown', {'name': 'Isabelle  Brown', 'partner_id': '1673750'})
Katherine Bolebruch has latest record on:  2024-11-28
Megan Miller has latest record on:  2024-12-15
Ryan Graham has latest record on:  2024-11-20
Ryan  Muldoon has latest record on:  2025-03-04
Sarah Fish has latest record on:  None
No workouts found for rower ('Sarah Fish', {'name': 'Sarah Fish', 'partner_id': '1749968'})
Timothy Hewitt has latest record on:  2025-03-31
Tom Kiefer has latest record on:  None
No workouts found for rower ('Tom Kiefer', {'name': 'Tom Kiefer', 'partner_id': '2451871'})
Toni Crnjak has latest record on:  2025-04-09
Trent Crook has latest record on:  2025-01-13
Vukota Miric has latest record on:  2025-02-11
Wendy Shih has latest record on:  2025-04-08
Script ran successfully! Elapsed time:  75.95914840698242
Login successful.
Anthony  Forsht has latest record on:  2025-01-29
Audrey Bell has latest record on:  2025-01-13
Benjamin Tobin has latest record on:  2025-04-03
Boris Jukic has latest record on:  2025-04-15
Caitlyn Olive has latest record on:  2025-01-16
Carter Evans has latest record on:  2025-04-09
Eloise Dyer has latest record on:  2024-11-29
Emilio Jakubek has latest record on:  2024-11-20
Emma Cosgrove has latest record on:  2025-01-13
Everitt Mastrototoro has latest record on:  2024-12-17
Filip Marković has latest record on:  2025-02-08
Flannery Hodgdon has latest record on:  2024-12-02
Hailey McNitt has latest record on:  2025-03-03
Isabelle  Brown has latest record on:  None
No workouts found for rower ('Isabelle  Brown', {'name': 'Isabelle  Brown', 'partner_id': '1673750'})
Katherine Bolebruch has latest record on:  2024-11-28
Megan Miller has latest record on:  2024-12-15
Ryan Graham has latest record on:  2024-11-20
Ryan  Muldoon has latest record on:  2025-03-04
Sarah Fish has latest record on:  None
No workouts found for rower ('Sarah Fish', {'name': 'Sarah Fish', 'partner_id': '1749968'})
Timothy Hewitt has latest record on:  2025-03-31
Tom Kiefer has latest record on:  None
No workouts found for rower ('Tom Kiefer', {'name': 'Tom Kiefer', 'partner_id': '2451871'})
Toni Crnjak has latest record on:  2025-04-09
Trent Crook has latest record on:  2025-01-13
Vukota Miric has latest record on:  2025-02-11
Wendy Shih has latest record on:  2025-04-08
Script ran successfully! Elapsed time:  102.87621212005615
Login successful.
Anthony  Forsht has latest record on:  2025-01-29
Audrey Bell has latest record on:  2025-01-13
Benjamin Tobin has latest record on:  2025-04-03
Boris Jukic has latest record on:  2025-04-16
Caitlyn Olive has latest record on:  2025-01-16
Carter Evans has latest record on:  2025-04-16
Eloise Dyer has latest record on:  2024-11-29
Emilio Jakubek has latest record on:  2024-11-20
Emma Cosgrove has latest record on:  2025-01-13
Everitt Mastrototoro has latest record on:  2024-12-17
Filip Marković has latest record on:  2025-02-08
Flannery Hodgdon has latest record on:  2024-12-02
Hailey McNitt has latest record on:  2025-04-16
Isabelle  Brown has latest record on:  None
No workouts found for rower ('Isabelle  Brown', {'name': 'Isabelle  Brown', 'partner_id': '1673750'})
Katherine Bolebruch has latest record on:  2024-11-28
Megan Miller has latest record on:  2024-12-15
Ryan Graham has latest record on:  2024-11-20
Ryan  Muldoon has latest record on:  2025-03-04
Sarah Fish has latest record on:  None
No workouts found for rower ('Sarah Fish', {'name': 'Sarah Fish', 'partner_id': '1749968'})
Timothy Hewitt has latest record on:  2025-04-16
Tom Kiefer has latest record on:  None
No workouts found for rower ('Tom Kiefer', {'name': 'Tom Kiefer', 'partner_id': '2451871'})
Toni Crnjak has latest record on:  2025-04-09
Trent Crook has latest record on:  2025-01-13
Vukota Miric has latest record on:  2025-02-11
Wendy Shih has latest record on:  2025-04-08
Script ran successfully! Elapsed time:  79.38923072814941
Login successful.
Anthony  Forsht has latest record on:  2025-01-29
Audrey Bell has latest record on:  2025-01-13
Benjamin Tobin has latest record on:  2025-04-03
Boris Jukic has latest record on:  2025-04-20
Caitlyn Olive has latest record on:  2025-01-16
Carter Evans has latest record on:  2025-04-16
Eloise Dyer has latest record on:  2024-11-29
Emilio Jakubek has latest record on:  2024-11-20
Emma Cosgrove has latest record on:  2025-01-13
Everitt Mastrototoro has latest record on:  2024-12-17
Filip Marković has latest record on:  2025-02-08
Flannery Hodgdon has latest record on:  2024-12-02
Hailey McNitt has latest record on:  2025-04-16
Isabelle  Brown has latest record on:  None
No workouts found for rower ('Isabelle  Brown', {'name': 'Isabelle  Brown', 'partner_id': '1673750'})
Katherine Bolebruch has latest record on:  2024-11-28
Megan Miller has latest record on:  2024-12-15
Ryan Graham has latest record on:  2024-11-20
Ryan  Muldoon has latest record on:  2025-03-04
Sarah Fish has latest record on:  None
No workouts found for rower ('Sarah Fish', {'name': 'Sarah Fish', 'partner_id': '1749968'})
Timothy Hewitt has latest record on:  2025-04-16
Tom Kiefer has latest record on:  None
No workouts found for rower ('Tom Kiefer', {'name': 'Tom Kiefer', 'partner_id': '2451871'})
Toni Crnjak has latest record on:  2025-04-09
Trent Crook has latest record on:  2025-01-13
Vukota Miric has latest record on:  2025-02-11
Wendy Shih has latest record on:  2025-04-08
Script ran successfully! Elapsed time:  97.16732859611511
Login successful.
Anthony  Forsht has latest record on:  2025-01-29
Audrey Bell has latest record on:  2025-01-13
Benjamin Tobin has latest record on:  2025-04-03
Boris Jukic has latest record on:  2025-04-20
Caitlyn Olive has latest record on:  2025-01-16
Carter Evans has latest record on:  2025-04-16
Eloise Dyer has latest record on:  2024-11-29
Emilio Jakubek has latest record on:  2024-11-20
Emma Cosgrove has latest record on:  2025-01-13
Everitt Mastrototoro has latest record on:  2024-12-17
Filip Marković has latest record on:  2025-02-08
Flannery Hodgdon has latest record on:  2024-12-02
Hailey McNitt has latest record on:  2025-04-16
Isabelle  Brown has latest record on:  None
No workouts found for rower ('Isabelle  Brown', {'name': 'Isabelle  Brown', 'partner_id': '1673750'})
Katherine Bolebruch has latest record on:  2024-11-28
Megan Miller has latest record on:  2024-12-15
Ryan Graham has latest record on:  2024-11-20
Ryan  Muldoon has latest record on:  2025-03-04
Sarah Fish has latest record on:  None
No workouts found for rower ('Sarah Fish', {'name': 'Sarah Fish', 'partner_id': '1749968'})
Timothy Hewitt has latest record on:  2025-04-16
Tom Kiefer has latest record on:  None
No workouts found for rower ('Tom Kiefer', {'name': 'Tom Kiefer', 'partner_id': '2451871'})
Toni Crnjak has latest record on:  2025-04-09
Trent Crook has latest record on:  2025-01-13
Vukota Miric has latest record on:  2025-02-11
Wendy Shih has latest record on:  2025-04-08
Script ran successfully! Elapsed time:  89.30946564674377
Login successful.
Anthony  Forsht has latest record on:  2025-01-29
Audrey Bell has latest record on:  2025-01-13
Benjamin Tobin has latest record on:  2025-04-03
Boris Jukic has latest record on:  2025-04-20
Caitlyn Olive has latest record on:  2025-01-16
Carter Evans has latest record on:  2025-04-22
Eloise Dyer has latest record on:  2024-11-29
Emilio Jakubek has latest record on:  2024-11-20
Emma Cosgrove has latest record on:  2025-01-13
Everitt Mastrototoro has latest record on:  2024-12-17
Filip Marković has latest record on:  2025-02-08
Flannery Hodgdon has latest record on:  2024-12-02
Hailey McNitt has latest record on:  2025-04-16
Isabelle  Brown has latest record on:  None
No workouts found for rower ('Isabelle  Brown', {'name': 'Isabelle  Brown', 'partner_id': '1673750'})
Katherine Bolebruch has latest record on:  2024-11-28
Megan Miller has latest record on:  2024-12-15
Ryan Graham has latest record on:  2024-11-20
Ryan  Muldoon has latest record on:  2025-03-04
Sarah Fish has latest record on:  None
No workouts found for rower ('Sarah Fish', {'name': 'Sarah Fish', 'partner_id': '1749968'})
Timothy Hewitt has latest record on:  2025-04-16
Tom Kiefer has latest record on:  None
No workouts found for rower ('Tom Kiefer', {'name': 'Tom Kiefer', 'partner_id': '2451871'})
Toni Crnjak has latest record on:  2025-04-09
Trent Crook has latest record on:  2025-01-13
Vukota Miric has latest record on:  2025-02-11
Wendy Shih has latest record on:  2025-04-08
Script ran successfully! Elapsed time:  96.4517674446106
Login successful.
Anthony  Forsht has latest record on:  2025-01-29
Audrey Bell has latest record on:  2025-01-13
Benjamin Tobin has latest record on:  2025-04-03
Boris Jukic has latest record on:  2025-04-22
Caitlyn Olive has latest record on:  2025-01-16
Carter Evans has latest record on:  2025-04-22
Eloise Dyer has latest record on:  2024-11-29
Emilio Jakubek has latest record on:  2024-11-20
Emma Cosgrove has latest record on:  2025-01-13
Everitt Mastrototoro has latest record on:  2024-12-17
Filip Marković has latest record on:  2025-02-08
Flannery Hodgdon has latest record on:  2024-12-02
Hailey McNitt has latest record on:  2025-04-16
Isabelle  Brown has latest record on:  None
No workouts found for rower ('Isabelle  Brown', {'name': 'Isabelle  Brown', 'partner_id': '1673750'})
Katherine Bolebruch has latest record on:  2024-11-28
Megan Miller has latest record on:  2024-12-15
Ryan Graham has latest record on:  2024-11-20
Ryan  Muldoon has latest record on:  2025-03-04
Sarah Fish has latest record on:  None
No workouts found for rower ('Sarah Fish', {'name': 'Sarah Fish', 'partner_id': '1749968'})
Timothy Hewitt has latest record on:  2025-04-16
Tom Kiefer has latest record on:  None
No workouts found for rower ('Tom Kiefer', {'name': 'Tom Kiefer', 'partner_id': '2451871'})
Toni Crnjak has latest record on:  2025-04-09
Trent Crook has latest record on:  2025-01-13
Vukota Miric has latest record on:  2025-02-11
Wendy Shih has latest record on:  2025-04-22
Script ran successfully! Elapsed time:  91.65634632110596
Login successful.
Anthony  Forsht has latest record on:  2025-01-29
Audrey Bell has latest record on:  2025-01-13
Benjamin Tobin has latest record on:  2025-04-03
Boris Jukic has latest record on:  2025-04-24
Caitlyn Olive has latest record on:  2025-01-16
Carter Evans has latest record on:  2025-04-22
Eloise Dyer has latest record on:  2024-11-29
Emilio Jakubek has latest record on:  2024-11-20
Emma Cosgrove has latest record on:  2025-01-13
Everitt Mastrototoro has latest record on:  2024-12-17
Filip Marković has latest record on:  2025-02-08
Flannery Hodgdon has latest record on:  2024-12-02
Hailey McNitt has latest record on:  2025-04-16
Isabelle  Brown has latest record on:  None
No workouts found for rower ('Isabelle  Brown', {'name': 'Isabelle  Brown', 'partner_id': '1673750'})
Katherine Bolebruch has latest record on:  2024-11-28
Megan Miller has latest record on:  2024-12-15
Ryan Graham has latest record on:  2024-11-20
Ryan  Muldoon has latest record on:  2025-03-04
Sarah Fish has latest record on:  None
No workouts found for rower ('Sarah Fish', {'name': 'Sarah Fish', 'partner_id': '1749968'})
Timothy Hewitt has latest record on:  2025-04-16
Tom Kiefer has latest record on:  None
No workouts found for rower ('Tom Kiefer', {'name': 'Tom Kiefer', 'partner_id': '2451871'})
Toni Crnjak has latest record on:  2025-04-09
Trent Crook has latest record on:  2025-01-13
Vukota Miric has latest record on:  2025-02-11
Wendy Shih has latest record on:  2025-04-22
Script ran successfully! Elapsed time:  92.97080326080322
Login successful.
Anthony  Forsht has latest record on:  2025-01-29
Audrey Bell has latest record on:  2025-01-13
Benjamin Tobin has latest record on:  2025-04-03
Boris Jukic has latest record on:  2025-04-26
Caitlyn Olive has latest record on:  2025-01-16
Carter Evans has latest record on:  2025-04-22
Eloise Dyer has latest record on:  2024-11-29
Emilio Jakubek has latest record on:  2024-11-20
Emma Cosgrove has latest record on:  2025-01-13
Everitt Mastrototoro has latest record on:  2024-12-17
Filip Marković has latest record on:  2025-02-08
Flannery Hodgdon has latest record on:  2024-12-02
Hailey McNitt has latest record on:  2025-04-16
Isabelle  Brown has latest record on:  None
No workouts found for rower ('Isabelle  Brown', {'name': 'Isabelle  Brown', 'partner_id': '1673750'})
Katherine Bolebruch has latest record on:  2024-11-28
Megan Miller has latest record on:  2024-12-15
Ryan Graham has latest record on:  2024-11-20
Ryan  Muldoon has latest record on:  2025-03-04
Sarah Fish has latest record on:  None
No workouts found for rower ('Sarah Fish', {'name': 'Sarah Fish', 'partner_id': '1749968'})
Timothy Hewitt has latest record on:  2025-04-16
Tom Kiefer has latest record on:  None
No workouts found for rower ('Tom Kiefer', {'name': 'Tom Kiefer', 'partner_id': '2451871'})
Toni Crnjak has latest record on:  2025-04-09
Trent Crook has latest record on:  2025-01-13
Vukota Miric has latest record on:  2025-02-11
Wendy Shih has latest record on:  2025-04-22
Script ran successfully! Elapsed time:  91.91129279136658
Login successful.
Anthony  Forsht has latest record on:  2025-01-29
Audrey Bell has latest record on:  2025-01-13
Benjamin Tobin has latest record on:  2025-04-03
Boris Jukic has latest record on:  2025-04-28
Caitlyn Olive has latest record on:  2025-01-16
Carter Evans has latest record on:  2025-04-22
Eloise Dyer has latest record on:  2024-11-29
Emilio Jakubek has latest record on:  2024-11-20
Emma Cosgrove has latest record on:  2025-01-13
Everitt Mastrototoro has latest record on:  2024-12-17
Filip Marković has latest record on:  2025-02-08
Flannery Hodgdon has latest record on:  2024-12-02
Hailey McNitt has latest record on:  2025-04-16
Isabelle  Brown has latest record on:  None
No workouts found for rower ('Isabelle  Brown', {'name': 'Isabelle  Brown', 'partner_id': '1673750'})
Katherine Bolebruch has latest record on:  2024-11-28
Megan Miller has latest record on:  2024-12-15
Ryan Graham has latest record on:  2024-11-20
Ryan  Muldoon has latest record on:  2025-03-04
Sarah Fish has latest record on:  None
No workouts found for rower ('Sarah Fish', {'name': 'Sarah Fish', 'partner_id': '1749968'})
Timothy Hewitt has latest record on:  2025-04-16
Tom Kiefer has latest record on:  None
No workouts found for rower ('Tom Kiefer', {'name': 'Tom Kiefer', 'partner_id': '2451871'})
Toni Crnjak has latest record on:  2025-04-22
Trent Crook has latest record on:  2025-01-13
Vukota Miric has latest record on:  2025-02-11
Wendy Shih has latest record on:  2025-04-22
Script ran successfully! Elapsed time:  83.27176451683044
Login successful.
Anthony  Forsht has latest record on:  2025-01-29
Audrey Bell has latest record on:  2025-01-13
Benjamin Tobin has latest record on:  2025-04-03
Boris Jukic has latest record on:  2025-04-28
Caitlyn Olive has latest record on:  2025-01-16
Carter Evans has latest record on:  2025-04-22
Eloise Dyer has latest record on:  2024-11-29
Emilio Jakubek has latest record on:  2024-11-20
Emma Cosgrove has latest record on:  2025-01-13
Everitt Mastrototoro has latest record on:  2024-12-17
Filip Marković has latest record on:  2025-02-08
Flannery Hodgdon has latest record on:  2024-12-02
Hailey McNitt has latest record on:  2025-04-16
Isabelle  Brown has latest record on:  None
No workouts found for rower ('Isabelle  Brown', {'name': 'Isabelle  Brown', 'partner_id': '1673750'})
Katherine Bolebruch has latest record on:  2024-11-28
Megan Miller has latest record on:  2024-12-15
Ryan Graham has latest record on:  2024-11-20
Ryan  Muldoon has latest record on:  2025-03-04
Sarah Fish has latest record on:  None
No workouts found for rower ('Sarah Fish', {'name': 'Sarah Fish', 'partner_id': '1749968'})
Timothy Hewitt has latest record on:  2025-04-16
Tom Kiefer has latest record on:  None
No workouts found for rower ('Tom Kiefer', {'name': 'Tom Kiefer', 'partner_id': '2451871'})
Toni Crnjak has latest record on:  2025-04-22
Trent Crook has latest record on:  2025-01-13
Vukota Miric has latest record on:  2025-02-11
Wendy Shih has latest record on:  2025-04-22
Script ran successfully! Elapsed time:  78.55612659454346
Login successful.
Anthony  Forsht has latest record on:  2025-01-29
Audrey Bell has latest record on:  2025-01-13
Benjamin Tobin has latest record on:  2025-04-03
Boris Jukic has latest record on:  2025-05-04
Caitlyn Olive has latest record on:  2025-01-16
Carter Evans has latest record on:  2025-05-03
Eloise Dyer has latest record on:  2024-11-29
Emilio Jakubek has latest record on:  2024-11-20
Emma Cosgrove has latest record on:  2025-01-13
Everitt Mastrototoro has latest record on:  2024-12-17
Filip Marković has latest record on:  2025-02-08
Flannery Hodgdon has latest record on:  2024-12-02
Hailey McNitt has latest record on:  2025-04-16
Isabelle  Brown has latest record on:  None
No workouts found for rower ('Isabelle  Brown', {'name': 'Isabelle  Brown', 'partner_id': '1673750'})
Katherine Bolebruch has latest record on:  2024-11-28
Megan Miller has latest record on:  2024-12-15
Ryan Graham has latest record on:  2024-11-20
Ryan  Muldoon has latest record on:  2025-03-04
Sarah Fish has latest record on:  None
No workouts found for rower ('Sarah Fish', {'name': 'Sarah Fish', 'partner_id': '1749968'})
Timothy Hewitt has latest record on:  2025-04-16
Tom Kiefer has latest record on:  None
No workouts found for rower ('Tom Kiefer', {'name': 'Tom Kiefer', 'partner_id': '2451871'})
Toni Crnjak has latest record on:  2025-04-22
Trent Crook has latest record on:  2025-01-13
Vukota Miric has latest record on:  2025-02-11
Wendy Shih has latest record on:  2025-04-22
Script ran successfully! Elapsed time:  77.70232081413269
Login successful.
Anthony  Forsht has latest record on:  2025-01-29
Audrey Bell has latest record on:  2025-01-13
Benjamin Tobin has latest record on:  2025-04-03
Boris Jukic has latest record on:  2025-05-04
Caitlyn Olive has latest record on:  2025-01-16
Carter Evans has latest record on:  2025-05-03
Eloise Dyer has latest record on:  2024-11-29
Emilio Jakubek has latest record on:  2024-11-20
Emma Cosgrove has latest record on:  2025-01-13
Everitt Mastrototoro has latest record on:  2024-12-17
Filip Marković has latest record on:  2025-02-08
Flannery Hodgdon has latest record on:  2024-12-02
Hailey McNitt has latest record on:  2025-04-16
Isabelle  Brown has latest record on:  None
No workouts found for rower ('Isabelle  Brown', {'name': 'Isabelle  Brown', 'partner_id': '1673750'})
Katherine Bolebruch has latest record on:  2024-11-28
Megan Miller has latest record on:  2024-12-15
Ryan Graham has latest record on:  2024-11-20
Ryan  Muldoon has latest record on:  2025-03-04
Sarah Fish has latest record on:  None
No workouts found for rower ('Sarah Fish', {'name': 'Sarah Fish', 'partner_id': '1749968'})
Timothy Hewitt has latest record on:  2025-04-16
Tom Kiefer has latest record on:  None
No workouts found for rower ('Tom Kiefer', {'name': 'Tom Kiefer', 'partner_id': '2451871'})
Toni Crnjak has latest record on:  2025-04-22
Trent Crook has latest record on:  2025-01-13
Vukota Miric has latest record on:  2025-02-11
Wendy Shih has latest record on:  2025-04-22
Script ran successfully! Elapsed time:  94.181325674057
Login successful.
Anthony  Forsht has latest record on:  2025-01-29
Audrey Bell has latest record on:  2025-01-13
Benjamin Tobin has latest record on:  2025-04-03
Boris Jukic has latest record on:  2025-05-15
Caitlyn Olive has latest record on:  2025-01-16
Carter Evans has latest record on:  2025-05-03
Eloise Dyer has latest record on:  2024-11-29
Emilio Jakubek has latest record on:  2024-11-20
Emma Cosgrove has latest record on:  2025-01-13
Everitt Mastrototoro has latest record on:  2025-05-15
Filip Marković has latest record on:  2025-02-08
Flannery Hodgdon has latest record on:  2024-12-02
Hailey McNitt has latest record on:  2025-04-16
Isabelle  Brown has latest record on:  None
No workouts found for rower ('Isabelle  Brown', {'name': 'Isabelle  Brown', 'partner_id': '1673750'})
Katherine Bolebruch has latest record on:  2024-11-28
Megan Miller has latest record on:  2024-12-15
Ryan Graham has latest record on:  2024-11-20
Ryan  Muldoon has latest record on:  2025-03-04
Sarah Fish has latest record on:  None
No workouts found for rower ('Sarah Fish', {'name': 'Sarah Fish', 'partner_id': '1749968'})
Timothy Hewitt has latest record on:  2025-04-16
Tom Kiefer has latest record on:  None
No workouts found for rower ('Tom Kiefer', {'name': 'Tom Kiefer', 'partner_id': '2451871'})
Toni Crnjak has latest record on:  2025-04-22
Trent Crook has latest record on:  2025-01-13
Vukota Miric has latest record on:  2025-02-11
Wendy Shih has latest record on:  2025-04-22
Script ran successfully! Elapsed time:  83.65359091758728
Login successful.
Anthony  Forsht has latest record on:  2025-01-29
Audrey Bell has latest record on:  2025-01-13
Benjamin Tobin has latest record on:  2025-04-03
Boris Jukic has latest record on:  2025-05-15
Caitlyn Olive has latest record on:  2025-01-16
Carter Evans has latest record on:  2025-05-03
Eloise Dyer has latest record on:  2024-11-29
Emilio Jakubek has latest record on:  2024-11-20
Emma Cosgrove has latest record on:  2025-01-13
Everitt Mastrototoro has latest record on:  2025-05-15
Filip Marković has latest record on:  2025-02-08
Flannery Hodgdon has latest record on:  2024-12-02
Hailey McNitt has latest record on:  2025-05-15
Isabelle  Brown has latest record on:  None
No workouts found for rower ('Isabelle  Brown', {'name': 'Isabelle  Brown', 'partner_id': '1673750'})
Katherine Bolebruch has latest record on:  2024-11-28
Megan Miller has latest record on:  2024-12-15
Ryan Graham has latest record on:  2024-11-20
Ryan  Muldoon has latest record on:  2025-03-04
Sarah Fish has latest record on:  None
No workouts found for rower ('Sarah Fish', {'name': 'Sarah Fish', 'partner_id': '1749968'})
Timothy Hewitt has latest record on:  2025-04-16
Tom Kiefer has latest record on:  None
No workouts found for rower ('Tom Kiefer', {'name': 'Tom Kiefer', 'partner_id': '2451871'})
Toni Crnjak has latest record on:  2025-04-22
Trent Crook has latest record on:  2025-01-13
Vukota Miric has latest record on:  2025-02-11
Wendy Shih has latest record on:  2025-04-22
Script ran successfully! Elapsed time:  143.3354775905609
Login successful.
Anthony  Forsht has latest record on:  2025-01-29
Audrey Bell has latest record on:  2025-01-13
Benjamin Tobin has latest record on:  2025-04-03
Boris Jukic has latest record on:  2025-06-21
Caitlyn Olive has latest record on:  2025-01-16
Carter Evans has latest record on:  2025-05-03
Eloise Dyer has latest record on:  2024-11-29
Emilio Jakubek has latest record on:  2024-11-20
Emma Cosgrove has latest record on:  2025-01-13
Everitt Mastrototoro has latest record on:  2025-05-27
Filip Marković has latest record on:  2025-02-08
Flannery Hodgdon has latest record on:  2024-12-02
Hailey McNitt has latest record on:  2025-06-17
Isabelle  Brown has latest record on:  None
No workouts found for rower ('Isabelle  Brown', {'name': 'Isabelle  Brown', 'partner_id': '1673750'})
Katherine Bolebruch has latest record on:  2024-11-28
Megan Miller has latest record on:  2024-12-15
Ryan Graham has latest record on:  2024-11-20
Ryan  Muldoon has latest record on:  2025-03-04
Sarah Fish has latest record on:  None
No workouts found for rower ('Sarah Fish', {'name': 'Sarah Fish', 'partner_id': '1749968'})
Timothy Hewitt has latest record on:  2025-04-16
Tom Kiefer has latest record on:  None
No workouts found for rower ('Tom Kiefer', {'name': 'Tom Kiefer', 'partner_id': '2451871'})
Toni Crnjak has latest record on:  2025-06-20
Trent Crook has latest record on:  2025-01-13
Vukota Miric has latest record on:  2025-02-11
Wendy Shih has latest record on:  2025-06-20
Script ran successfully! Elapsed time:  141.04687476158142
Traceback (most recent call last):
  File "/home/toni/.local/lib/python3.10/site-packages/urllib3/connection.py", line 198, in _new_conn
    sock = connection.create_connection(
  File "/home/toni/.local/lib/python3.10/site-packages/urllib3/util/connection.py", line 85, in create_connection
    raise err
  File "/home/toni/.local/lib/python3.10/site-packages/urllib3/util/connection.py", line 73, in create_connection
    sock.connect(sa)
OSError: [Errno 113] No route to host

The above exception was the direct cause of the following exception:

Traceback (most recent call last):
  File "/home/toni/.local/lib/python3.10/site-packages/urllib3/connectionpool.py", line 787, in urlopen
    response = self._make_request(
  File "/home/toni/.local/lib/python3.10/site-packages/urllib3/connectionpool.py", line 488, in _make_request
    raise new_e
  File "/home/toni/.local/lib/python3.10/site-packages/urllib3/connectionpool.py", line 464, in _make_request
    self._validate_conn(conn)
  File "/home/toni/.local/lib/python3.10/site-packages/urllib3/connectionpool.py", line 1093, in _validate_conn
    conn.connect()
  File "/home/toni/.local/lib/python3.10/site-packages/urllib3/connection.py", line 704, in connect
    self.sock = sock = self._new_conn()
  File "/home/toni/.local/lib/python3.10/site-packages/urllib3/connection.py", line 213, in _new_conn
    raise NewConnectionError(
urllib3.exceptions.NewConnectionError: <urllib3.connection.HTTPSConnection object at 0x72357af861d0>: Failed to establish a new connection: [Errno 113] No route to host

The above exception was the direct cause of the following exception:

Traceback (most recent call last):
  File "/home/toni/.local/lib/python3.10/site-packages/requests/adapters.py", line 667, in send
    resp = conn.urlopen(
  File "/home/toni/.local/lib/python3.10/site-packages/urllib3/connectionpool.py", line 841, in urlopen
    retries = retries.increment(
  File "/home/toni/.local/lib/python3.10/site-packages/urllib3/util/retry.py", line 519, in increment
    raise MaxRetryError(_pool, url, reason) from reason  # type: ignore[arg-type]
urllib3.exceptions.MaxRetryError: HTTPSConnectionPool(host='log.concept2.com', port=443): Max retries exceeded with url: /login (Caused by NewConnectionError('<urllib3.connection.HTTPSConnection object at 0x72357af861d0>: Failed to establish a new connection: [Errno 113] No route to host'))

During handling of the above exception, another exception occurred:

Traceback (most recent call last):
  File "/home/toni/repos/Ergdata_Dash/data_gather_sqlite.py", line 124, in <module>
    response = session.post(login_url, data=login_payload)
  File "/home/toni/.local/lib/python3.10/site-packages/requests/sessions.py", line 637, in post
    return self.request("POST", url, data=data, json=json, **kwargs)
  File "/home/toni/.local/lib/python3.10/site-packages/requests/sessions.py", line 589, in request
    resp = self.send(prep, **send_kwargs)
  File "/home/toni/.local/lib/python3.10/site-packages/requests/sessions.py", line 703, in send
    r = adapter.send(request, **kwargs)
  File "/home/toni/.local/lib/python3.10/site-packages/requests/adapters.py", line 700, in send
    raise ConnectionError(e, request=request)
requests.exceptions.ConnectionError: HTTPSConnectionPool(host='log.concept2.com', port=443): Max retries exceeded with url: /login (Caused by NewConnectionError('<urllib3.connection.HTTPSConnection object at 0x72357af861d0>: Failed to establish a new connection: [Errno 113] No route to host'))
Login successful.
Anthony  Forsht has latest record on:  2025-01-29
Audrey Bell has latest record on:  2025-01-13
Benjamin Tobin has latest record on:  2025-04-03
Boris Jukic has latest record on:  2025-08-29
Caitlyn Olive has latest record on:  2025-08-20
Carter Evans has latest record on:  2025-05-03
Eloise Dyer has latest record on:  2024-11-29
Emilio Jakubek has latest record on:  2024-11-20
Emma Cosgrove has latest record on:  2025-01-13
Everitt Mastrototoro has latest record on:  2025-05-27
Filip Marković has latest record on:  2025-02-08
Flannery Hodgdon has latest record on:  2024-12-02
Hailey McNitt has latest record on:  2025-07-07
Isabelle  Brown has latest record on:  None
No workouts found for rower ('Isabelle  Brown', {'name': 'Isabelle  Brown', 'partner_id': '1673750'})
Katherine Bolebruch has latest record on:  2024-11-28
Megan Miller has latest record on:  2024-12-15
Ryan Graham has latest record on:  2024-11-20
Ryan  Muldoon has latest record on:  2025-03-04
Sarah Fish has latest record on:  None
No workouts found for rower ('Sarah Fish', {'name': 'Sarah Fish', 'partner_id': '1749968'})
Timothy Hewitt has latest record on:  2025-04-16
Tom Kiefer has latest record on:  None
No workouts found for rower ('Tom Kiefer', {'name': 'Tom Kiefer', 'partner_id': '2451871'})
Toni Crnjak has latest record on:  2025-08-20
Trent Crook has latest record on:  2025-01-13
Vukota Miric has latest record on:  2025-02-11
Wendy Shih has latest record on:  2025-08-20
Script ran successfully! Elapsed time:  91.33896279335022
Login successful.
Anthony  Forsht has latest record on:  2025-01-29
Audrey Bell has latest record on:  2025-01-13
Benjamin Tobin has latest record on:  2025-04-03
Boris Jukic has latest record on:  2025-09-02
Caitlyn Olive has latest record on:  2025-08-20
Carter Evans has latest record on:  2025-05-03
Eloise Dyer has latest record on:  2024-11-29
Emilio Jakubek has latest record on:  2024-11-20
Emma Cosgrove has latest record on:  2025-01-13
Everitt Mastrototoro has latest record on:  2025-05-27
Filip Marković has latest record on:  2025-02-08
Flannery Hodgdon has latest record on:  2024-12-02
Hailey McNitt has latest record on:  2025-07-07
Isabelle  Brown has latest record on:  None
No workouts found for rower ('Isabelle  Brown', {'name': 'Isabelle  Brown', 'partner_id': '1673750'})
Katherine Bolebruch has latest record on:  2024-11-28
Megan Miller has latest record on:  2024-12-15
Ryan Graham has latest record on:  2024-11-20
Ryan  Muldoon has latest record on:  2025-03-04
Sarah Fish has latest record on:  None
No workouts found for rower ('Sarah Fish', {'name': 'Sarah Fish', 'partner_id': '1749968'})
Timothy Hewitt has latest record on:  2025-04-16
Tom Kiefer has latest record on:  None
No workouts found for rower ('Tom Kiefer', {'name': 'Tom Kiefer', 'partner_id': '2451871'})
Toni Crnjak has latest record on:  2025-08-20
Trent Crook has latest record on:  2025-01-13
Vukota Miric has latest record on:  2025-02-11
Wendy Shih has latest record on:  2025-08-20
Script ran successfully! Elapsed time:  101.91408324241638
Login successful.
Anthony  Forsht has latest record on:  2024-11-19
Audrey Bell has latest record on:  2024-11-20
Benjamin Tobin has latest record on:  2024-11-19
Boris Jukic has latest record on:  2024-11-30
Caitlyn Olive has latest record on:  2024-11-29
Carter Evans has latest record on:  None
Eloise Dyer has latest record on:  None
Emilio Jakubek has latest record on:  None
Emma Cosgrove has latest record on:  None
Everitt Mastrototoro has latest record on:  None
Filip Marković has latest record on:  None
Flannery Hodgdon has latest record on:  None
Hailey McNitt has latest record on:  None
Isabelle  Brown has latest record on:  None
No workouts found for rower ('Isabelle  Brown', {'name': 'Isabelle  Brown', 'partner_id': '1673750'})
Katherine Bolebruch has latest record on:  None
Megan Miller has latest record on:  None
Ryan Graham has latest record on:  None
Ryan  Muldoon has latest record on:  None
Sarah Fish has latest record on:  None
No workouts found for rower ('Sarah Fish', {'name': 'Sarah Fish', 'partner_id': '1749968'})
Timothy Hewitt has latest record on:  None
Tom Kiefer has latest record on:  None
No workouts found for rower ('Tom Kiefer', {'name': 'Tom Kiefer', 'partner_id': '2451871'})
Toni Crnjak has latest record on:  None
Trent Crook has latest record on:  None
Vukota Miric has latest record on:  None
Wendy Shih has latest record on:  None
Script ran successfully! Elapsed time:  363.4327697753906
Login successful.
Anthony  Forsht has latest record on:  2025-01-29
Audrey Bell has latest record on:  2025-01-13
Benjamin Tobin has latest record on:  2025-04-03
Boris Jukic has latest record on:  2025-09-03
Caitlyn Olive has latest record on:  2025-08-20
Carter Evans has latest record on:  2024-11-22
Eloise Dyer has latest record on:  2024-11-29
Emilio Jakubek has latest record on:  2024-11-20
Emma Cosgrove has latest record on:  2024-11-20
Everitt Mastrototoro has latest record on:  2024-11-20
Filip Marković has latest record on:  2024-11-28
Flannery Hodgdon has latest record on:  2024-11-25
Hailey McNitt has latest record on:  2024-11-27
Isabelle  Brown has latest record on:  None
No workouts found for rower ('Isabelle  Brown', {'name': 'Isabelle  Brown', 'partner_id': '1673750'})
Katherine Bolebruch has latest record on:  2024-11-28
Megan Miller has latest record on:  2024-11-27
Ryan Graham has latest record on:  2024-11-20
Ryan  Muldoon has latest record on:  2024-11-28
Sarah Fish has latest record on:  None
No workouts found for rower ('Sarah Fish', {'name': 'Sarah Fish', 'partner_id': '1749968'})
Timothy Hewitt has latest record on:  2024-11-25
Tom Kiefer has latest record on:  None
No workouts found for rower ('Tom Kiefer', {'name': 'Tom Kiefer', 'partner_id': '2451871'})
Toni Crnjak has latest record on:  2024-11-26
Trent Crook has latest record on:  2024-11-19
Vukota Miric has latest record on:  2024-11-23
Wendy Shih has latest record on:  2024-11-30
Script ran successfully! Elapsed time:  595.756763458252
Login successful.
Anthony  Forsht has latest record on:  2025-01-29
Audrey Bell has latest record on:  2025-01-13
Benjamin Tobin has latest record on:  2025-04-03
Boris Jukic has latest record on:  2025-09-03
Caitlyn Olive has latest record on:  2025-08-20
Carter Evans has latest record on:  2025-05-03
Eloise Dyer has latest record on:  2024-11-29
Emilio Jakubek has latest record on:  2024-11-20
Emma Cosgrove has latest record on:  2025-01-13
Everitt Mastrototoro has latest record on:  2025-05-27
Filip Marković has latest record on:  2025-02-08
Flannery Hodgdon has latest record on:  2024-12-02
Hailey McNitt has latest record on:  2025-07-07
Isabelle  Brown has latest record on:  None
No workouts found for rower ('Isabelle  Brown', {'name': 'Isabelle  Brown', 'partner_id': '1673750'})
Katherine Bolebruch has latest record on:  2024-11-28
Megan Miller has latest record on:  2024-12-15
Ryan Graham has latest record on:  2024-11-20
Ryan  Muldoon has latest record on:  2025-03-04
Sarah Fish has latest record on:  None
No workouts found for rower ('Sarah Fish', {'name': 'Sarah Fish', 'partner_id': '1749968'})
Timothy Hewitt has latest record on:  2025-04-16
Tom Kiefer has latest record on:  None
No workouts found for rower ('Tom Kiefer', {'name': 'Tom Kiefer', 'partner_id': '2451871'})
Toni Crnjak has latest record on:  2025-09-04
Trent Crook has latest record on:  2025-01-13
Vukota Miric has latest record on:  2025-02-11
Wendy Shih has latest record on:  2025-08-20
Script ran successfully! Elapsed time:  85.24105834960938
Login successful.
Anthony  Forsht has latest record on:  2025-01-29
Audrey Bell has latest record on:  2025-01-13
Benjamin Tobin has latest record on:  2025-04-03
Boris Jukic has latest record on:  2025-09-07
Caitlyn Olive has latest record on:  2025-08-20
Carter Evans has latest record on:  2025-05-03
Eloise Dyer has latest record on:  2024-11-29
Emilio Jakubek has latest record on:  2024-11-20
Emma Cosgrove has latest record on:  2025-01-13
Everitt Mastrototoro has latest record on:  2025-05-27
Filip Marković has latest record on:  2025-02-08
Flannery Hodgdon has latest record on:  2024-12-02
Hailey McNitt has latest record on:  2025-07-07
Isabelle  Brown has latest record on:  None
No workouts found for rower ('Isabelle  Brown', {'name': 'Isabelle  Brown', 'partner_id': '1673750'})
Katherine Bolebruch has latest record on:  2024-11-28
Megan Miller has latest record on:  2024-12-15
Ryan Graham has latest record on:  2024-11-20
Ryan  Muldoon has latest record on:  2025-03-04
Sarah Fish has latest record on:  None
No workouts found for rower ('Sarah Fish', {'name': 'Sarah Fish', 'partner_id': '1749968'})
Timothy Hewitt has latest record on:  2025-04-16
Tom Kiefer has latest record on:  None
No workouts found for rower ('Tom Kiefer', {'name': 'Tom Kiefer', 'partner_id': '2451871'})
Toni Crnjak has latest record on:  2025-09-04
Trent Crook has latest record on:  2025-01-13
Vukota Miric has latest record on:  2025-02-11
Wendy Shih has latest record on:  2025-08-20
Script ran successfully! Elapsed time:  103.36698698997498
Login successful.
Anthony  Forsht has latest record on:  2025-01-29
Audrey Bell has latest record on:  2025-01-13
Benjamin Tobin has latest record on:  2025-04-03
Boris Jukic has latest record on:  2025-09-08
Caitlyn Olive has latest record on:  2025-08-20
Carter Evans has latest record on:  2025-05-03
Eloise Dyer has latest record on:  2024-11-29
Emilio Jakubek has latest record on:  2024-11-20
Emma Cosgrove has latest record on:  2025-01-13
Everitt Mastrototoro has latest record on:  2025-05-27
Filip Marković has latest record on:  2025-02-08
Flannery Hodgdon has latest record on:  2024-12-02
Hailey McNitt has latest record on:  2025-07-07
Isabelle  Brown has latest record on:  None
No workouts found for rower ('Isabelle  Brown', {'name': 'Isabelle  Brown', 'partner_id': '1673750'})
Katherine Bolebruch has latest record on:  2024-11-28
Megan Miller has latest record on:  2024-12-15
Ryan Graham has latest record on:  2024-11-20
Ryan  Muldoon has latest record on:  2025-03-04
Sarah Fish has latest record on:  None
No workouts found for rower ('Sarah Fish', {'name': 'Sarah Fish', 'partner_id': '1749968'})
Timothy Hewitt has latest record on:  2025-04-16
Tom Kiefer has latest record on:  None
No workouts found for rower ('Tom Kiefer', {'name': 'Tom Kiefer', 'partner_id': '2451871'})
Toni Crnjak has latest record on:  2025-09-04
Trent Crook has latest record on:  2025-01-13
Vukota Miric has latest record on:  2025-02-11
Wendy Shih has latest record on:  2025-08-20
Script ran successfully! Elapsed time:  86.75497770309448
Login successful.
Anthony  Forsht has latest record on:  2025-01-29
Audrey Bell has latest record on:  2025-01-13
Benjamin Tobin has latest record on:  2025-04-03
Boris Jukic has latest record on:  2025-09-10
Caitlyn Olive has latest record on:  2025-08-20
Carter Evans has latest record on:  2025-05-03
Eloise Dyer has latest record on:  2024-11-29
Emilio Jakubek has latest record on:  2024-11-20
Emma Cosgrove has latest record on:  2025-01-13
Everitt Mastrototoro has latest record on:  2025-05-27
Filip Marković has latest record on:  2025-02-08
Flannery Hodgdon has latest record on:  2024-12-02
Hailey McNitt has latest record on:  2025-07-07
Isabelle  Brown has latest record on:  None
No workouts found for rower ('Isabelle  Brown', {'name': 'Isabelle  Brown', 'partner_id': '1673750'})
Katherine Bolebruch has latest record on:  2024-11-28
Megan Miller has latest record on:  2024-12-15
Ryan Graham has latest record on:  2024-11-20
Ryan  Muldoon has latest record on:  2025-03-04
Sarah Fish has latest record on:  None
No workouts found for rower ('Sarah Fish', {'name': 'Sarah Fish', 'partner_id': '1749968'})
Timothy Hewitt has latest record on:  2025-04-16
Tom Kiefer has latest record on:  None
No workouts found for rower ('Tom Kiefer', {'name': 'Tom Kiefer', 'partner_id': '2451871'})
Toni Crnjak has latest record on:  2025-09-04
Trent Crook has latest record on:  2025-01-13
Vukota Miric has latest record on:  2025-02-11
Wendy Shih has latest record on:  2025-08-20
Script ran successfully! Elapsed time:  170.34133958816528
Login successful.
Anthony  Forsht has latest record on:  2025-01-29
Audrey Bell has latest record on:  2025-01-13
Benjamin Tobin has latest record on:  2025-04-03
Boris Jukic has latest record on:  2025-09-10
Caitlyn Olive has latest record on:  2025-08-20
Carter Evans has latest record on:  2025-05-03
Eloise Dyer has latest record on:  2024-11-29
Emilio Jakubek has latest record on:  2024-11-20
Emma Cosgrove has latest record on:  2025-01-13
Everitt Mastrototoro has latest record on:  2025-05-27
Filip Marković has latest record on:  2025-02-08
Flannery Hodgdon has latest record on:  2024-12-02
Hailey McNitt has latest record on:  2025-07-07
Isabelle  Brown has latest record on:  None
No workouts found for rower ('Isabelle  Brown', {'name': 'Isabelle  Brown', 'partner_id': '1673750'})
Katherine Bolebruch has latest record on:  2024-11-28
Megan Miller has latest record on:  2024-12-15
Ryan Graham has latest record on:  2024-11-20
Ryan  Muldoon has latest record on:  2025-03-04
Sarah Fish has latest record on:  None
No workouts found for rower ('Sarah Fish', {'name': 'Sarah Fish', 'partner_id': '1749968'})
Timothy Hewitt has latest record on:  2025-04-16
Tom Kiefer has latest record on:  None
No workouts found for rower ('Tom Kiefer', {'name': 'Tom Kiefer', 'partner_id': '2451871'})
Toni Crnjak has latest record on:  2025-09-04
Trent Crook has latest record on:  2025-01-13
Vukota Miric has latest record on:  2025-02-11
Wendy Shih has latest record on:  2025-08-20
Script ran successfully! Elapsed time:  108.32251834869385
Login successful.
Anthony  Forsht has latest record on:  2025-01-29
Audrey Bell has latest record on:  2025-01-13
Benjamin Tobin has latest record on:  2025-04-03
Boris Jukic has latest record on:  2025-09-11
Caitlyn Olive has latest record on:  2025-08-20
Carter Evans has latest record on:  2025-05-03
Eloise Dyer has latest record on:  2024-11-29
Emilio Jakubek has latest record on:  2024-11-20
Emma Cosgrove has latest record on:  2025-01-13
Everitt Mastrototoro has latest record on:  2025-05-27
Filip Marković has latest record on:  2025-02-08
Flannery Hodgdon has latest record on:  2024-12-02
Hailey McNitt has latest record on:  2025-07-07
Isabelle  Brown has latest record on:  None
No workouts found for rower ('Isabelle  Brown', {'name': 'Isabelle  Brown', 'partner_id': '1673750'})
Katherine Bolebruch has latest record on:  2024-11-28
Megan Miller has latest record on:  2024-12-15
Ryan Graham has latest record on:  2024-11-20
Ryan  Muldoon has latest record on:  2025-03-04
Sarah Fish has latest record on:  None
No workouts found for rower ('Sarah Fish', {'name': 'Sarah Fish', 'partner_id': '1749968'})
Timothy Hewitt has latest record on:  2025-04-16
Tom Kiefer has latest record on:  None
No workouts found for rower ('Tom Kiefer', {'name': 'Tom Kiefer', 'partner_id': '2451871'})
Toni Crnjak has latest record on:  2025-09-04
Trent Crook has latest record on:  2025-01-13
Vukota Miric has latest record on:  2025-02-11
Wendy Shih has latest record on:  2025-08-20
Script ran successfully! Elapsed time:  88.7344651222229
Login successful.
Anthony  Forsht has latest record on:  2025-01-29
Audrey Bell has latest record on:  2025-01-13
Benjamin Tobin has latest record on:  2025-04-03
Boris Jukic has latest record on:  2025-09-14
Caitlyn Olive has latest record on:  2025-08-20
Carter Evans has latest record on:  2025-05-03
Eloise Dyer has latest record on:  2024-11-29
Emilio Jakubek has latest record on:  2024-11-20
Emma Cosgrove has latest record on:  2025-01-13
Everitt Mastrototoro has latest record on:  2025-05-27
Filip Marković has latest record on:  2025-02-08
Flannery Hodgdon has latest record on:  2024-12-02
Hailey McNitt has latest record on:  2025-07-07
Isabelle  Brown has latest record on:  None
No workouts found for rower ('Isabelle  Brown', {'name': 'Isabelle  Brown', 'partner_id': '1673750'})
Katherine Bolebruch has latest record on:  2024-11-28
Megan Miller has latest record on:  2024-12-15
Ryan Graham has latest record on:  2024-11-20
Ryan  Muldoon has latest record on:  2025-03-04
Sarah Fish has latest record on:  None
No workouts found for rower ('Sarah Fish', {'name': 'Sarah Fish', 'partner_id': '1749968'})
Timothy Hewitt has latest record on:  2025-04-16
Tom Kiefer has latest record on:  None
No workouts found for rower ('Tom Kiefer', {'name': 'Tom Kiefer', 'partner_id': '2451871'})
Toni Crnjak has latest record on:  2025-09-04
Trent Crook has latest record on:  2025-01-13
Vukota Miric has latest record on:  2025-02-11
Wendy Shih has latest record on:  2025-08-20
Script ran successfully! Elapsed time:  104.78634834289551
Login successful.
Anthony  Forsht has latest record on:  2025-01-29
Audrey Bell has latest record on:  2025-01-13
Benjamin Tobin has latest record on:  2025-04-03
Boris Jukic has latest record on:  2025-09-14
Caitlyn Olive has latest record on:  2025-08-20
Carter Evans has latest record on:  2025-05-03
Eloise Dyer has latest record on:  2024-11-29
Emilio Jakubek has latest record on:  2024-11-20
Emma Cosgrove has latest record on:  2025-01-13
Everitt Mastrototoro has latest record on:  2025-05-27
Filip Marković has latest record on:  2025-02-08
Flannery Hodgdon has latest record on:  2024-12-02
Hailey McNitt has latest record on:  2025-07-07
Isabelle  Brown has latest record on:  None
No workouts found for rower ('Isabelle  Brown', {'name': 'Isabelle  Brown', 'partner_id': '1673750'})
Katherine Bolebruch has latest record on:  2024-11-28
Megan Miller has latest record on:  2024-12-15
Ryan Graham has latest record on:  2024-11-20
Ryan  Muldoon has latest record on:  2025-03-04
Sarah Fish has latest record on:  None
No workouts found for rower ('Sarah Fish', {'name': 'Sarah Fish', 'partner_id': '1749968'})
Timothy Hewitt has latest record on:  2025-04-16
Tom Kiefer has latest record on:  None
No workouts found for rower ('Tom Kiefer', {'name': 'Tom Kiefer', 'partner_id': '2451871'})
Toni Crnjak has latest record on:  2025-09-04
Trent Crook has latest record on:  2025-01-13
Vukota Miric has latest record on:  2025-02-11
Wendy Shih has latest record on:  2025-08-20
Script ran successfully! Elapsed time:  98.430410861969
Traceback (most recent call last):
  File "/home/toni/.local/lib/python3.10/site-packages/urllib3/connection.py", line 198, in _new_conn
    sock = connection.create_connection(
  File "/home/toni/.local/lib/python3.10/site-packages/urllib3/util/connection.py", line 60, in create_connection
    for res in socket.getaddrinfo(host, port, family, socket.SOCK_STREAM):
  File "/usr/lib/python3.10/socket.py", line 955, in getaddrinfo
    for res in _socket.getaddrinfo(host, port, family, type, proto, flags):
socket.gaierror: [Errno -3] Temporary failure in name resolution

The above exception was the direct cause of the following exception:

Traceback (most recent call last):
  File "/home/toni/.local/lib/python3.10/site-packages/urllib3/connectionpool.py", line 787, in urlopen
    response = self._make_request(
  File "/home/toni/.local/lib/python3.10/site-packages/urllib3/connectionpool.py", line 488, in _make_request
    raise new_e
  File "/home/toni/.local/lib/python3.10/site-packages/urllib3/connectionpool.py", line 464, in _make_request
    self._validate_conn(conn)
  File "/home/toni/.local/lib/python3.10/site-packages/urllib3/connectionpool.py", line 1093, in _validate_conn
    conn.connect()
  File "/home/toni/.local/lib/python3.10/site-packages/urllib3/connection.py", line 704, in connect
    self.sock = sock = self._new_conn()
  File "/home/toni/.local/lib/python3.10/site-packages/urllib3/connection.py", line 205, in _new_conn
    raise NameResolutionError(self.host, self, e) from e
urllib3.exceptions.NameResolutionError: <urllib3.connection.HTTPSConnection object at 0x70954ac27ca0>: Failed to resolve 'log.concept2.com' ([Errno -3] Temporary failure in name resolution)

The above exception was the direct cause of the following exception:

Traceback (most recent call last):
  File "/home/toni/.local/lib/python3.10/site-packages/requests/adapters.py", line 667, in send
    resp = conn.urlopen(
  File "/home/toni/.local/lib/python3.10/site-packages/urllib3/connectionpool.py", line 841, in urlopen
    retries = retries.increment(
  File "/home/toni/.local/lib/python3.10/site-packages/urllib3/util/retry.py", line 519, in increment
    raise MaxRetryError(_pool, url, reason) from reason  # type: ignore[arg-type]
urllib3.exceptions.MaxRetryError: HTTPSConnectionPool(host='log.concept2.com', port=443): Max retries exceeded with url: /login (Caused by NameResolutionError("<urllib3.connection.HTTPSConnection object at 0x70954ac27ca0>: Failed to resolve 'log.concept2.com' ([Errno -3] Temporary failure in name resolution)"))

During handling of the above exception, another exception occurred:

Traceback (most recent call last):
  File "/home/toni/repos/Ergdata_Dash/data_gather_sqlite.py", line 124, in <module>
    response = session.post(login_url, data=login_payload)
  File "/home/toni/.local/lib/python3.10/site-packages/requests/sessions.py", line 637, in post
    return self.request("POST", url, data=data, json=json, **kwargs)
  File "/home/toni/.local/lib/python3.10/site-packages/requests/sessions.py", line 589, in request
    resp = self.send(prep, **send_kwargs)
  File "/home/toni/.local/lib/python3.10/site-packages/requests/sessions.py", line 703, in send
    r = adapter.send(request, **kwargs)
  File "/home/toni/.local/lib/python3.10/site-packages/requests/adapters.py", line 700, in send
    raise ConnectionError(e, request=request)
requests.exceptions.ConnectionError: HTTPSConnectionPool(host='log.concept2.com', port=443): Max retries exceeded with url: /login (Caused by NameResolutionError("<urllib3.connection.HTTPSConnection object at 0x70954ac27ca0>: Failed to resolve 'log.concept2.com' ([Errno -3] Temporary failure in name resolution)"))
Login successful.
Anthony  Forsht has latest record on:  2025-01-29
Audrey Bell has latest record on:  2025-01-13
Benjamin Tobin has latest record on:  2025-04-03
Boris Jukic has latest record on:  2025-09-17
Caitlyn Olive has latest record on:  2025-08-20
Carter Evans has latest record on:  2025-05-03
Eloise Dyer has latest record on:  2024-11-29
Emilio Jakubek has latest record on:  2024-11-20
Emma Cosgrove has latest record on:  2025-01-13
Everitt Mastrototoro has latest record on:  2025-05-27
Filip Marković has latest record on:  2025-02-08
Flannery Hodgdon has latest record on:  2024-12-02
Hailey McNitt has latest record on:  2025-07-07
Isabelle  Brown has latest record on:  None
No workouts found for rower ('Isabelle  Brown', {'name': 'Isabelle  Brown', 'partner_id': '1673750'})
Katherine Bolebruch has latest record on:  2024-11-28
Megan Miller has latest record on:  2024-12-15
Ryan Graham has latest record on:  2024-11-20
Ryan  Muldoon has latest record on:  2025-03-04
Sarah Fish has latest record on:  None
No workouts found for rower ('Sarah Fish', {'name': 'Sarah Fish', 'partner_id': '1749968'})
Timothy Hewitt has latest record on:  2025-04-16
Tom Kiefer has latest record on:  None
No workouts found for rower ('Tom Kiefer', {'name': 'Tom Kiefer', 'partner_id': '2451871'})
Toni Crnjak has latest record on:  2025-09-16
Trent Crook has latest record on:  2025-01-13
Vukota Miric has latest record on:  2025-02-11
Wendy Shih has latest record on:  2025-08-20
Script ran successfully! Elapsed time:  106.016446352005
Login successful.
Anthony  Forsht has latest record on:  2025-01-29
Audrey Bell has latest record on:  2025-01-13
Benjamin Tobin has latest record on:  2025-04-03
Boris Jukic has latest record on:  2025-09-19
Caitlyn Olive has latest record on:  2025-08-20
Carter Evans has latest record on:  2025-05-03
Eloise Dyer has latest record on:  2024-11-29
Emilio Jakubek has latest record on:  2024-11-20
Emma Cosgrove has latest record on:  2025-01-13
Everitt Mastrototoro has latest record on:  2025-05-27
Filip Marković has latest record on:  2025-02-08
Flannery Hodgdon has latest record on:  2024-12-02
Hailey McNitt has latest record on:  2025-07-07
Isabelle  Brown has latest record on:  None
No workouts found for rower ('Isabelle  Brown', {'name': 'Isabelle  Brown', 'partner_id': '1673750'})
Katherine Bolebruch has latest record on:  2024-11-28
Megan Miller has latest record on:  2024-12-15
Ryan Graham has latest record on:  2024-11-20
Ryan  Muldoon has latest record on:  2025-03-04
Sarah Fish has latest record on:  None
No workouts found for rower ('Sarah Fish', {'name': 'Sarah Fish', 'partner_id': '1749968'})
Timothy Hewitt has latest record on:  2025-04-16
Tom Kiefer has latest record on:  None
No workouts found for rower ('Tom Kiefer', {'name': 'Tom Kiefer', 'partner_id': '2451871'})
Toni Crnjak has latest record on:  2025-09-19
Trent Crook has latest record on:  2025-01-13
Vukota Miric has latest record on:  2025-02-11
Wendy Shih has latest record on:  2025-08-20
Script ran successfully! Elapsed time:  86.28278994560242
Login successful.
Anthony  Forsht has latest record on:  2025-01-29
Audrey Bell has latest record on:  2025-01-13
Benjamin Tobin has latest record on:  2025-04-03
Boris Jukic has latest record on:  2025-09-20
Caitlyn Olive has latest record on:  2025-08-20
Carter Evans has latest record on:  2025-05-03
Eloise Dyer has latest record on:  2024-11-29
Emilio Jakubek has latest record on:  2024-11-20
Emma Cosgrove has latest record on:  2025-01-13
Everitt Mastrototoro has latest record on:  2025-05-27
Filip Marković has latest record on:  2025-02-08
Flannery Hodgdon has latest record on:  2024-12-02
Hailey McNitt has latest record on:  2025-07-07
Isabelle  Brown has latest record on:  None
No workouts found for rower ('Isabelle  Brown', {'name': 'Isabelle  Brown', 'partner_id': '1673750'})
Katherine Bolebruch has latest record on:  2024-11-28
Megan Miller has latest record on:  2024-12-15
Ryan Graham has latest record on:  2024-11-20
Ryan  Muldoon has latest record on:  2025-03-04
Sarah Fish has latest record on:  None
No workouts found for rower ('Sarah Fish', {'name': 'Sarah Fish', 'partner_id': '1749968'})
Timothy Hewitt has latest record on:  2025-04-16
Tom Kiefer has latest record on:  None
No workouts found for rower ('Tom Kiefer', {'name': 'Tom Kiefer', 'partner_id': '2451871'})
Toni Crnjak has latest record on:  2025-09-19
Trent Crook has latest record on:  2025-01-13
Vukota Miric has latest record on:  2025-02-11
Wendy Shih has latest record on:  2025-08-20
Script ran successfully! Elapsed time:  84.80779480934143
Login successful.
Anthony  Forsht has latest record on:  2025-01-29
Audrey Bell has latest record on:  2025-01-13
Benjamin Tobin has latest record on:  2025-04-03
Boris Jukic has latest record on:  2025-09-20
Caitlyn Olive has latest record on:  2025-08-20
Carter Evans has latest record on:  2025-05-03
Eloise Dyer has latest record on:  2024-11-29
Emilio Jakubek has latest record on:  2024-11-20
Emma Cosgrove has latest record on:  2025-01-13
Everitt Mastrototoro has latest record on:  2025-05-27
Filip Marković has latest record on:  2025-02-08
Flannery Hodgdon has latest record on:  2024-12-02
Hailey McNitt has latest record on:  2025-07-07
Isabelle  Brown has latest record on:  None
No workouts found for rower ('Isabelle  Brown', {'name': 'Isabelle  Brown', 'partner_id': '1673750'})
Katherine Bolebruch has latest record on:  2024-11-28
Megan Miller has latest record on:  2024-12-15
Ryan Graham has latest record on:  2024-11-20
Ryan  Muldoon has latest record on:  2025-03-04
Sarah Fish has latest record on:  None
No workouts found for rower ('Sarah Fish', {'name': 'Sarah Fish', 'partner_id': '1749968'})
Timothy Hewitt has latest record on:  2025-04-16
Tom Kiefer has latest record on:  None
No workouts found for rower ('Tom Kiefer', {'name': 'Tom Kiefer', 'partner_id': '2451871'})
Toni Crnjak has latest record on:  2025-09-19
Trent Crook has latest record on:  2025-01-13
Vukota Miric has latest record on:  2025-02-11
Wendy Shih has latest record on:  2025-08-20
Script ran successfully! Elapsed time:  90.67191100120544
Login successful.
Anthony  Forsht has latest record on:  2025-01-29
Audrey Bell has latest record on:  2025-01-13
Benjamin Tobin has latest record on:  2025-04-03
Boris Jukic has latest record on:  2025-09-20
Caitlyn Olive has latest record on:  2025-08-20
Carter Evans has latest record on:  2025-05-03
Eloise Dyer has latest record on:  2024-11-29
Emilio Jakubek has latest record on:  2024-11-20
Emma Cosgrove has latest record on:  2025-01-13
Everitt Mastrototoro has latest record on:  2025-05-27
Filip Marković has latest record on:  2025-02-08
Flannery Hodgdon has latest record on:  2024-12-02
Hailey McNitt has latest record on:  2025-07-07
Isabelle  Brown has latest record on:  None
No workouts found for rower ('Isabelle  Brown', {'name': 'Isabelle  Brown', 'partner_id': '1673750'})
Katherine Bolebruch has latest record on:  2024-11-28
Megan Miller has latest record on:  2024-12-15
Ryan Graham has latest record on:  2024-11-20
Ryan  Muldoon has latest record on:  2025-03-04
Sarah Fish has latest record on:  None
No workouts found for rower ('Sarah Fish', {'name': 'Sarah Fish', 'partner_id': '1749968'})
Timothy Hewitt has latest record on:  2025-04-16
Tom Kiefer has latest record on:  None
No workouts found for rower ('Tom Kiefer', {'name': 'Tom Kiefer', 'partner_id': '2451871'})
Toni Crnjak has latest record on:  2025-09-23
Trent Crook has latest record on:  2025-01-13
Vukota Miric has latest record on:  2025-02-11
Wendy Shih has latest record on:  2025-08-20
Script ran successfully! Elapsed time:  84.69273281097412
Login successful.
Anthony  Forsht has latest record on:  2025-01-29
Audrey Bell has latest record on:  2025-01-13
Benjamin Tobin has latest record on:  2025-04-03
Boris Jukic has latest record on:  2025-09-20
Caitlyn Olive has latest record on:  2025-08-20
Carter Evans has latest record on:  2025-05-03
Eloise Dyer has latest record on:  2024-11-29
Emilio Jakubek has latest record on:  2024-11-20
Emma Cosgrove has latest record on:  2025-01-13
Everitt Mastrototoro has latest record on:  2025-05-27
Filip Marković has latest record on:  2025-02-08
Flannery Hodgdon has latest record on:  2024-12-02
Hailey McNitt has latest record on:  2025-07-07
Isabelle  Brown has latest record on:  None
No workouts found for rower ('Isabelle  Brown', {'name': 'Isabelle  Brown', 'partner_id': '1673750'})
Katherine Bolebruch has latest record on:  2024-11-28
Megan Miller has latest record on:  2024-12-15
Ryan Graham has latest record on:  2024-11-20
Ryan  Muldoon has latest record on:  2025-03-04
Sarah Fish has latest record on:  None
No workouts found for rower ('Sarah Fish', {'name': 'Sarah Fish', 'partner_id': '1749968'})
Timothy Hewitt has latest record on:  2025-04-16
Tom Kiefer has latest record on:  None
No workouts found for rower ('Tom Kiefer', {'name': 'Tom Kiefer', 'partner_id': '2451871'})
Toni Crnjak has latest record on:  2025-09-23
Trent Crook has latest record on:  2025-01-13
Vukota Miric has latest record on:  2025-02-11
Wendy Shih has latest record on:  2025-08-20
Script ran successfully! Elapsed time:  121.51789498329163
Login successful.
Anthony  Forsht has latest record on:  2025-01-29
Audrey Bell has latest record on:  2025-01-13
Benjamin Tobin has latest record on:  2025-04-03
Boris Jukic has latest record on:  2025-09-24
Caitlyn Olive has latest record on:  2025-08-20
Carter Evans has latest record on:  2025-05-03
Eloise Dyer has latest record on:  2024-11-29
Emilio Jakubek has latest record on:  2024-11-20
Emma Cosgrove has latest record on:  2025-01-13
Everitt Mastrototoro has latest record on:  2025-05-27
Filip Marković has latest record on:  2025-02-08
Flannery Hodgdon has latest record on:  2024-12-02
Hailey McNitt has latest record on:  2025-07-07
Isabelle  Brown has latest record on:  None
No workouts found for rower ('Isabelle  Brown', {'name': 'Isabelle  Brown', 'partner_id': '1673750'})
Katherine Bolebruch has latest record on:  2024-11-28
Megan Miller has latest record on:  2024-12-15
Ryan Graham has latest record on:  2024-11-20
Ryan  Muldoon has latest record on:  2025-03-04
Sarah Fish has latest record on:  None
No workouts found for rower ('Sarah Fish', {'name': 'Sarah Fish', 'partner_id': '1749968'})
Timothy Hewitt has latest record on:  2025-04-16
Tom Kiefer has latest record on:  None
No workouts found for rower ('Tom Kiefer', {'name': 'Tom Kiefer', 'partner_id': '2451871'})
Toni Crnjak has latest record on:  2025-09-23
Trent Crook has latest record on:  2025-01-13
Vukota Miric has latest record on:  2025-02-11
Wendy Shih has latest record on:  2025-08-20
Script ran successfully! Elapsed time:  94.81486439704895
Login successful.
Anthony  Forsht has latest record on:  2025-01-29
Audrey Bell has latest record on:  2025-01-13
Benjamin Tobin has latest record on:  2025-04-03
Boris Jukic has latest record on:  2025-09-28
Caitlyn Olive has latest record on:  2025-08-20
Carter Evans has latest record on:  2025-05-03
Eloise Dyer has latest record on:  2024-11-29
Emilio Jakubek has latest record on:  2024-11-20
Emma Cosgrove has latest record on:  2025-01-13
Everitt Mastrototoro has latest record on:  2025-05-27
Filip Marković has latest record on:  2025-02-08
Flannery Hodgdon has latest record on:  2024-12-02
Hailey McNitt has latest record on:  2025-07-07
Isabelle  Brown has latest record on:  None
No workouts found for rower ('Isabelle  Brown', {'name': 'Isabelle  Brown', 'partner_id': '1673750'})
Katherine Bolebruch has latest record on:  2024-11-28
Megan Miller has latest record on:  2024-12-15
Ryan Graham has latest record on:  2024-11-20
Ryan  Muldoon has latest record on:  2025-03-04
Sarah Fish has latest record on:  None
No workouts found for rower ('Sarah Fish', {'name': 'Sarah Fish', 'partner_id': '1749968'})
Timothy Hewitt has latest record on:  2025-04-16
Tom Kiefer has latest record on:  None
No workouts found for rower ('Tom Kiefer', {'name': 'Tom Kiefer', 'partner_id': '2451871'})
Toni Crnjak has latest record on:  2025-09-25
Trent Crook has latest record on:  2025-01-13
Vukota Miric has latest record on:  2025-02-11
Wendy Shih has latest record on:  2025-08-20
Script ran successfully! Elapsed time:  122.4553952217102
Login successful.
Anthony  Forsht has latest record on:  2025-01-29
Audrey Bell has latest record on:  2025-01-13
Benjamin Tobin has latest record on:  2025-04-03
Boris Jukic has latest record on:  2025-09-28
Caitlyn Olive has latest record on:  2025-08-20
Carter Evans has latest record on:  2025-05-03
Eloise Dyer has latest record on:  2024-11-29
Emilio Jakubek has latest record on:  2024-11-20
Emma Cosgrove has latest record on:  2025-01-13
Everitt Mastrototoro has latest record on:  2025-05-27
Filip Marković has latest record on:  2025-02-08
Flannery Hodgdon has latest record on:  2024-12-02
Hailey McNitt has latest record on:  2025-07-07
Isabelle  Brown has latest record on:  None
No workouts found for rower ('Isabelle  Brown', {'name': 'Isabelle  Brown', 'partner_id': '1673750'})
Katherine Bolebruch has latest record on:  2024-11-28
Megan Miller has latest record on:  2024-12-15
Ryan Graham has latest record on:  2024-11-20
Ryan  Muldoon has latest record on:  2025-03-04
Sarah Fish has latest record on:  None
No workouts found for rower ('Sarah Fish', {'name': 'Sarah Fish', 'partner_id': '1749968'})
Timothy Hewitt has latest record on:  2025-04-16
Tom Kiefer has latest record on:  None
No workouts found for rower ('Tom Kiefer', {'name': 'Tom Kiefer', 'partner_id': '2451871'})
Toni Crnjak has latest record on:  2025-09-25
Trent Crook has latest record on:  2025-01-13
Vukota Miric has latest record on:  2025-02-11
Wendy Shih has latest record on:  2025-08-20
Script ran successfully! Elapsed time:  94.8944480419159
Login successful.
Anthony  Forsht has latest record on:  2025-01-29
Audrey Bell has latest record on:  2025-01-13
Benjamin Tobin has latest record on:  2025-04-03
Boris Jukic has latest record on:  2025-09-30
Caitlyn Olive has latest record on:  2025-08-20
Carter Evans has latest record on:  2025-05-03
Eloise Dyer has latest record on:  2024-11-29
Emilio Jakubek has latest record on:  2024-11-20
Emma Cosgrove has latest record on:  2025-01-13
Everitt Mastrototoro has latest record on:  2025-05-27
Filip Marković has latest record on:  2025-02-08
Flannery Hodgdon has latest record on:  2024-12-02
Hailey McNitt has latest record on:  2025-07-07
Isabelle  Brown has latest record on:  None
No workouts found for rower ('Isabelle  Brown', {'name': 'Isabelle  Brown', 'partner_id': '1673750'})
Katherine Bolebruch has latest record on:  2024-11-28
Megan Miller has latest record on:  2024-12-15
Ryan Graham has latest record on:  2024-11-20
Ryan  Muldoon has latest record on:  2025-03-04
Sarah Fish has latest record on:  None
No workouts found for rower ('Sarah Fish', {'name': 'Sarah Fish', 'partner_id': '1749968'})
Timothy Hewitt has latest record on:  2025-04-16
Tom Kiefer has latest record on:  None
No workouts found for rower ('Tom Kiefer', {'name': 'Tom Kiefer', 'partner_id': '2451871'})
Toni Crnjak has latest record on:  2025-09-25
Trent Crook has latest record on:  2025-01-13
Vukota Miric has latest record on:  2025-02-11
Wendy Shih has latest record on:  2025-08-20
Script ran successfully! Elapsed time:  101.40438652038574
Login successful.
Anthony  Forsht has latest record on:  2025-01-29
Audrey Bell has latest record on:  2025-01-13
Benjamin Tobin has latest record on:  2025-04-03
Boris Jukic has latest record on:  2025-10-01
Caitlyn Olive has latest record on:  2025-08-20
Carter Evans has latest record on:  2025-05-03
Eloise Dyer has latest record on:  2024-11-29
Emilio Jakubek has latest record on:  2024-11-20
Emma Cosgrove has latest record on:  2025-01-13
Everitt Mastrototoro has latest record on:  2025-05-27
Filip Marković has latest record on:  2025-02-08
Flannery Hodgdon has latest record on:  2024-12-02
Hailey McNitt has latest record on:  2025-09-30
Isabelle  Brown has latest record on:  None
No workouts found for rower ('Isabelle  Brown', {'name': 'Isabelle  Brown', 'partner_id': '1673750'})
Katherine Bolebruch has latest record on:  2024-11-28
Megan Miller has latest record on:  2024-12-15
Ryan Graham has latest record on:  2024-11-20
Ryan  Muldoon has latest record on:  2025-03-04
Sarah Fish has latest record on:  None
No workouts found for rower ('Sarah Fish', {'name': 'Sarah Fish', 'partner_id': '1749968'})
Timothy Hewitt has latest record on:  2025-04-16
Tom Kiefer has latest record on:  None
No workouts found for rower ('Tom Kiefer', {'name': 'Tom Kiefer', 'partner_id': '2451871'})
Toni Crnjak has latest record on:  2025-09-30
Trent Crook has latest record on:  2025-01-13
Vukota Miric has latest record on:  2025-02-11
Wendy Shih has latest record on:  2025-08-20
Script ran successfully! Elapsed time:  80.65496039390564
Login successful.
Anthony  Forsht has latest record on:  2025-01-29
Audrey Bell has latest record on:  2025-01-13
Benjamin Tobin has latest record on:  2025-04-03
Boris Jukic has latest record on:  2025-10-01
Caitlyn Olive has latest record on:  2025-08-20
Carter Evans has latest record on:  2025-05-03
Eloise Dyer has latest record on:  2024-11-29
Emilio Jakubek has latest record on:  2024-11-20
Emma Cosgrove has latest record on:  2025-01-13
Everitt Mastrototoro has latest record on:  2025-05-27
Filip Marković has latest record on:  2025-02-08
Flannery Hodgdon has latest record on:  2024-12-02
Hailey McNitt has latest record on:  2025-09-30
Isabelle  Brown has latest record on:  None
No workouts found for rower ('Isabelle  Brown', {'name': 'Isabelle  Brown', 'partner_id': '1673750'})
Katherine Bolebruch has latest record on:  2024-11-28
Megan Miller has latest record on:  2024-12-15
Ryan Graham has latest record on:  2024-11-20
Ryan  Muldoon has latest record on:  2025-03-04
Sarah Fish has latest record on:  None
No workouts found for rower ('Sarah Fish', {'name': 'Sarah Fish', 'partner_id': '1749968'})
Timothy Hewitt has latest record on:  2025-04-16
Tom Kiefer has latest record on:  None
No workouts found for rower ('Tom Kiefer', {'name': 'Tom Kiefer', 'partner_id': '2451871'})
Toni Crnjak has latest record on:  2025-09-30
Trent Crook has latest record on:  2025-01-13
Vukota Miric has latest record on:  2025-02-11
Wendy Shih has latest record on:  2025-08-20
Script ran successfully! Elapsed time:  87.81721377372742
Login successful.
Anthony  Forsht has latest record on:  2025-01-29
Audrey Bell has latest record on:  2025-01-13
Benjamin Tobin has latest record on:  2025-04-03
Boris Jukic has latest record on:  2025-10-02
Caitlyn Olive has latest record on:  2025-08-20
Carter Evans has latest record on:  2025-05-03
Eloise Dyer has latest record on:  2024-11-29
Emilio Jakubek has latest record on:  2024-11-20
Emma Cosgrove has latest record on:  2025-01-13
Everitt Mastrototoro has latest record on:  2025-05-27
Filip Marković has latest record on:  2025-02-08
Flannery Hodgdon has latest record on:  2024-12-02
Hailey McNitt has latest record on:  2025-09-30
Isabelle  Brown has latest record on:  None
No workouts found for rower ('Isabelle  Brown', {'name': 'Isabelle  Brown', 'partner_id': '1673750'})
Katherine Bolebruch has latest record on:  2024-11-28
Megan Miller has latest record on:  2024-12-15
Ryan Graham has latest record on:  2024-11-20
Ryan  Muldoon has latest record on:  2025-03-04
Sarah Fish has latest record on:  None
No workouts found for rower ('Sarah Fish', {'name': 'Sarah Fish', 'partner_id': '1749968'})
Timothy Hewitt has latest record on:  2025-04-16
Tom Kiefer has latest record on:  None
No workouts found for rower ('Tom Kiefer', {'name': 'Tom Kiefer', 'partner_id': '2451871'})
Toni Crnjak has latest record on:  2025-09-30
Trent Crook has latest record on:  2025-01-13
Vukota Miric has latest record on:  2025-02-11
Wendy Shih has latest record on:  2025-08-20
Script ran successfully! Elapsed time:  82.27036881446838
Login successful.
Anthony  Forsht has latest record on:  2025-01-29
Audrey Bell has latest record on:  2025-01-13
Benjamin Tobin has latest record on:  2025-04-03
Boris Jukic has latest record on:  2025-10-06
Caitlyn Olive has latest record on:  2025-08-20
Carter Evans has latest record on:  2025-05-03
Eloise Dyer has latest record on:  2024-11-29
Emilio Jakubek has latest record on:  2024-11-20
Emma Cosgrove has latest record on:  2025-01-13
Everitt Mastrototoro has latest record on:  2025-05-27
Filip Marković has latest record on:  2025-02-08
Flannery Hodgdon has latest record on:  2024-12-02
Hailey McNitt has latest record on:  2025-09-30
Isabelle  Brown has latest record on:  None
No workouts found for rower ('Isabelle  Brown', {'name': 'Isabelle  Brown', 'partner_id': '1673750'})
Katherine Bolebruch has latest record on:  2024-11-28
Megan Miller has latest record on:  2024-12-15
Ryan Graham has latest record on:  2024-11-20
Ryan  Muldoon has latest record on:  2025-03-04
Sarah Fish has latest record on:  None
No workouts found for rower ('Sarah Fish', {'name': 'Sarah Fish', 'partner_id': '1749968'})
Timothy Hewitt has latest record on:  2025-04-16
Tom Kiefer has latest record on:  None
No workouts found for rower ('Tom Kiefer', {'name': 'Tom Kiefer', 'partner_id': '2451871'})
Toni Crnjak has latest record on:  2025-09-30
Trent Crook has latest record on:  2025-01-13
Vukota Miric has latest record on:  2025-02-11
Wendy Shih has latest record on:  2025-08-20
Script ran successfully! Elapsed time:  95.28992128372192
Login successful.
Anthony  Forsht has latest record on:  2025-01-29
Audrey Bell has latest record on:  2025-01-13
Benjamin Tobin has latest record on:  2025-04-03
Boris Jukic has latest record on:  2025-10-06
Caitlyn Olive has latest record on:  2025-08-20
Carter Evans has latest record on:  2025-05-03
Eloise Dyer has latest record on:  2024-11-29
Emilio Jakubek has latest record on:  2024-11-20
Emma Cosgrove has latest record on:  2025-01-13
Everitt Mastrototoro has latest record on:  2025-05-27
Filip Marković has latest record on:  2025-02-08
Flannery Hodgdon has latest record on:  2024-12-02
Hailey McNitt has latest record on:  2025-09-30
Isabelle  Brown has latest record on:  None
No workouts found for rower ('Isabelle  Brown', {'name': 'Isabelle  Brown', 'partner_id': '1673750'})
Katherine Bolebruch has latest record on:  2024-11-28
Megan Miller has latest record on:  2024-12-15
Ryan Graham has latest record on:  2024-11-20
Ryan  Muldoon has latest record on:  2025-03-04
Sarah Fish has latest record on:  None
No workouts found for rower ('Sarah Fish', {'name': 'Sarah Fish', 'partner_id': '1749968'})
Timothy Hewitt has latest record on:  2025-04-16
Tom Kiefer has latest record on:  None
No workouts found for rower ('Tom Kiefer', {'name': 'Tom Kiefer', 'partner_id': '2451871'})
Toni Crnjak has latest record on:  2025-09-30
Trent Crook has latest record on:  2025-01-13
Vukota Miric has latest record on:  2025-02-11
Wendy Shih has latest record on:  2025-08-20
Script ran successfully! Elapsed time:  98.89428687095642
Login successful.
Anthony  Forsht has latest record on:  2025-01-29
Audrey Bell has latest record on:  2025-01-13
Benjamin Tobin has latest record on:  2025-04-03
Boris Jukic has latest record on:  2025-10-06
Caitlyn Olive has latest record on:  2025-08-20
Carter Evans has latest record on:  2025-05-03
Eloise Dyer has latest record on:  2024-11-29
Emilio Jakubek has latest record on:  2024-11-20
Emma Cosgrove has latest record on:  2025-01-13
Everitt Mastrototoro has latest record on:  2025-05-27
Filip Marković has latest record on:  2025-02-08
Flannery Hodgdon has latest record on:  2024-12-02
Hailey McNitt has latest record on:  2025-09-30
Isabelle  Brown has latest record on:  None
No workouts found for rower ('Isabelle  Brown', {'name': 'Isabelle  Brown', 'partner_id': '1673750'})
Katherine Bolebruch has latest record on:  2024-11-28
Megan Miller has latest record on:  2024-12-15
Ryan Graham has latest record on:  2024-11-20
Ryan  Muldoon has latest record on:  2025-03-04
Sarah Fish has latest record on:  None
No workouts found for rower ('Sarah Fish', {'name': 'Sarah Fish', 'partner_id': '1749968'})
Timothy Hewitt has latest record on:  2025-04-16
Tom Kiefer has latest record on:  None
No workouts found for rower ('Tom Kiefer', {'name': 'Tom Kiefer', 'partner_id': '2451871'})
Toni Crnjak has latest record on:  2025-09-30
Trent Crook has latest record on:  2025-01-13
Vukota Miric has latest record on:  2025-02-11
Wendy Shih has latest record on:  2025-08-20
Script ran successfully! Elapsed time:  78.07611727714539
Login successful.
Anthony  Forsht has latest record on:  2025-01-29
Audrey Bell has latest record on:  2025-01-13
Benjamin Tobin has latest record on:  2025-04-03
Boris Jukic has latest record on:  2025-10-09
Caitlyn Olive has latest record on:  2025-08-20
Carter Evans has latest record on:  2025-05-03
Eloise Dyer has latest record on:  2024-11-29
Emilio Jakubek has latest record on:  2024-11-20
Emma Cosgrove has latest record on:  2025-01-13
Everitt Mastrototoro has latest record on:  2025-05-27
Filip Marković has latest record on:  2025-02-08
Flannery Hodgdon has latest record on:  2024-12-02
Hailey McNitt has latest record on:  2025-09-30
Isabelle  Brown has latest record on:  None
No workouts found for rower ('Isabelle  Brown', {'name': 'Isabelle  Brown', 'partner_id': '1673750'})
Katherine Bolebruch has latest record on:  2024-11-28
Megan Miller has latest record on:  2024-12-15
Ryan Graham has latest record on:  2024-11-20
Ryan  Muldoon has latest record on:  2025-03-04
Sarah Fish has latest record on:  None
No workouts found for rower ('Sarah Fish', {'name': 'Sarah Fish', 'partner_id': '1749968'})
Timothy Hewitt has latest record on:  2025-04-16
Tom Kiefer has latest record on:  None
No workouts found for rower ('Tom Kiefer', {'name': 'Tom Kiefer', 'partner_id': '2451871'})
Toni Crnjak has latest record on:  2025-09-30
Trent Crook has latest record on:  2025-01-13
Vukota Miric has latest record on:  2025-02-11
Wendy Shih has latest record on:  2025-08-20
Script ran successfully! Elapsed time:  83.83439803123474
Login successful.
Anthony  Forsht has latest record on:  2025-01-29
Audrey Bell has latest record on:  2025-01-13
Benjamin Tobin has latest record on:  2025-02-26
Boris Jukic has latest record on:  2025-03-01
Caitlyn Olive has latest record on:  2025-01-16
Carter Evans has latest record on:  2025-03-01
Eloise Dyer has latest record on:  2024-11-29
Emilio Jakubek has latest record on:  2024-11-20
Emma Cosgrove has latest record on:  2025-01-13
Everitt Mastrototoro has latest record on:  2024-12-17
Filip Marković has latest record on:  2025-02-08
Flannery Hodgdon has latest record on:  2024-12-02
Hailey McNitt has latest record on:  2025-02-26
Isabelle  Brown has latest record on:  2024-12-21
Katherine Bolebruch has latest record on:  2024-11-28
Megan Miller has latest record on:  2024-12-15
Ryan Graham has latest record on:  2024-11-20
Ryan  Muldoon has latest record on:  2025-02-28
Sarah Fish has latest record on:  2024-12-02
Timothy Hewitt has latest record on:  2025-03-01
Tom Kiefer has latest record on:  2024-11-17
Toni Crnjak has latest record on:  2025-02-24
Trent Crook has latest record on:  2025-01-13
Vukota Miric has latest record on:  2025-02-11
Wendy Shih has latest record on:  2025-02-07
Script ran successfully! Elapsed time:  84.83855056762695
Login successful.
Anthony  Forsht has latest record on:  2025-01-29
Audrey Bell has latest record on:  2025-01-13
Benjamin Tobin has latest record on:  2025-02-26
Boris Jukic has latest record on:  2025-03-01
Caitlyn Olive has latest record on:  2025-01-16
Carter Evans has latest record on:  2025-03-01
Eloise Dyer has latest record on:  2024-11-29
Emilio Jakubek has latest record on:  2024-11-20
Emma Cosgrove has latest record on:  2025-01-13
Everitt Mastrototoro has latest record on:  2024-12-17
Filip Marković has latest record on:  2025-02-08
Flannery Hodgdon has latest record on:  2024-12-02
Hailey McNitt has latest record on:  2025-02-26
Isabelle  Brown has latest record on:  2024-12-21
Katherine Bolebruch has latest record on:  2024-11-28
Megan Miller has latest record on:  2024-12-15
Ryan Graham has latest record on:  2024-11-20
Ryan  Muldoon has latest record on:  2025-02-28
Sarah Fish has latest record on:  2024-12-02
Timothy Hewitt has latest record on:  2025-03-01
Tom Kiefer has latest record on:  2024-11-17
Toni Crnjak has latest record on:  2025-02-24
Trent Crook has latest record on:  2025-01-13
Vukota Miric has latest record on:  2025-02-11
Wendy Shih has latest record on:  2025-02-07
Script ran successfully! Elapsed time:  88.60874795913696
Login successful.
Anthony  Forsht has latest record on:  2025-01-29
Audrey Bell has latest record on:  2025-01-13
Benjamin Tobin has latest record on:  2025-02-26
Boris Jukic has latest record on:  2025-03-01
Caitlyn Olive has latest record on:  2025-01-16
Carter Evans has latest record on:  2025-03-01
Eloise Dyer has latest record on:  2024-11-29
Emilio Jakubek has latest record on:  2024-11-20
Emma Cosgrove has latest record on:  2025-01-13
Everitt Mastrototoro has latest record on:  2024-12-17
Filip Marković has latest record on:  2025-02-08
Flannery Hodgdon has latest record on:  2024-12-02
Hailey McNitt has latest record on:  2025-02-26
Isabelle  Brown has latest record on:  2024-12-21
Katherine Bolebruch has latest record on:  2024-11-28
Megan Miller has latest record on:  2024-12-15
Ryan Graham has latest record on:  2024-11-20
Ryan  Muldoon has latest record on:  2025-02-28
Sarah Fish has latest record on:  2024-12-02
Timothy Hewitt has latest record on:  2025-03-01
Tom Kiefer has latest record on:  2024-11-17
Toni Crnjak has latest record on:  2025-02-24
Trent Crook has latest record on:  2025-01-13
Vukota Miric has latest record on:  2025-02-11
Wendy Shih has latest record on:  2025-02-07
Script ran successfully! Elapsed time:  87.08953404426575
Login successful.
Anthony  Forsht has latest record on:  2025-01-29
Audrey Bell has latest record on:  2025-01-13
Benjamin Tobin has latest record on:  2025-02-26
Boris Jukic has latest record on:  2025-03-01
Caitlyn Olive has latest record on:  2025-01-16
Carter Evans has latest record on:  2025-03-01
Eloise Dyer has latest record on:  2024-11-29
Emilio Jakubek has latest record on:  2024-11-20
Emma Cosgrove has latest record on:  2025-01-13
Everitt Mastrototoro has latest record on:  2024-12-17
Filip Marković has latest record on:  2025-02-08
Flannery Hodgdon has latest record on:  2024-12-02
Hailey McNitt has latest record on:  2025-02-26
Isabelle  Brown has latest record on:  2024-12-21
Katherine Bolebruch has latest record on:  2024-11-28
Megan Miller has latest record on:  2024-12-15
Ryan Graham has latest record on:  2024-11-20
Ryan  Muldoon has latest record on:  2025-02-28
Sarah Fish has latest record on:  2024-12-02
Timothy Hewitt has latest record on:  2025-03-01
Tom Kiefer has latest record on:  2024-11-17
Toni Crnjak has latest record on:  2025-02-24
Trent Crook has latest record on:  2025-01-13
Vukota Miric has latest record on:  2025-02-11
Wendy Shih has latest record on:  2025-02-07
Script ran successfully! Elapsed time:  89.86451745033264
Login successful.
Anthony  Forsht has latest record on:  2024-11-19
Audrey Bell has latest record on:  2024-11-20
Benjamin Tobin has latest record on:  2024-11-19
Boris Jukic has latest record on:  2024-12-01
Caitlyn Olive has latest record on:  2024-11-29
Carter Evans has latest record on:  2024-11-22
Eloise Dyer has latest record on:  2024-11-29
Emilio Jakubek has latest record on:  2024-11-20
Emma Cosgrove has latest record on:  None
Error in insert_workout: OperationalError - database is locked
Error in insert_workout: OperationalError - database is locked
Error in insert_workout: OperationalError - database is locked
Error in insert_workout: OperationalError - database is locked
Everitt Mastrototoro has latest record on:  None
Error in insert_workout: OperationalError - database is locked
Error in insert_workout: OperationalError - database is locked
Error in insert_workout: OperationalError - database is locked
Error in insert_workout: OperationalError - database is locked
Error in insert_workout: OperationalError - attempt to write a readonly database
Error in insert_workout: OperationalError - attempt to write a readonly database
Error in insert_workout: OperationalError - attempt to write a readonly database
Error in insert_workout: OperationalError - attempt to write a readonly database
Filip Marković has latest record on:  None
Error processing workout {'id': 94700042, 'user_id': 1595072, 'date': '2024-12-01 18:21:00', 'timezone': 'America/New_York', 'date_utc': '2024-12-01 23:21:00', 'distance': 1500, 'type': 'rower', 'time': 2961, 'time_formatted': '13:56.1', 'workout_type': 'FixedDistanceInterval', 'source': 'ErgData iOS', 'weight_class': 'H', 'verified': True, 'ranked': False, 'comments': None, 'privacy': 'partners', 'stroke_data': True, 'rest_distance': 632, 'rest_time': 5400, 'calories_total': 123, 'drag_factor': 149, 'stroke_count': 270, 'stroke_rate': 35, 'heart_rate': {'min': 123, 'average': 180, 'max': 185, 'ending': 183}, 'workout': {'intervals': [{'type': 'distance', 'time': 483, 'distance': 250, 'calories_total': 21, 'stroke_rate': 34, 'rest_time': 900, 'heart_rate': {'min': 110, 'average': 142, 'max': 171, 'ending': 171}}, {'type': 'distance', 'time': 487, 'distance': 250, 'calories_total': 21, 'stroke_rate': 34, 'rest_time': 900, 'heart_rate': {'min': 146, 'average': 161, 'max': 179, 'ending': 179}}, {'type': 'distance', 'time': 494, 'distance': 250, 'calories_total': 21, 'stroke_rate': 35, 'rest_time': 900, 'heart_rate': {'min': 153, 'average': 167, 'max': 182, 'ending': 182}}, {'type': 'distance', 'time': 499, 'distance': 250, 'calories_total': 20, 'stroke_rate': 36, 'rest_time': 900, 'heart_rate': {'min': 157, 'average': 169, 'max': 184, 'ending': 182}}, {'type': 'distance', 'time': 499, 'distance': 250, 'calories_total': 20, 'stroke_rate': 36, 'rest_time': 900, 'heart_rate': {'min': 156, 'average': 169, 'max': 185, 'ending': 185}}, {'type': 'distance', 'time': 498, 'distance': 250, 'calories_total': 20, 'stroke_rate': 35, 'rest_time': 900, 'heart_rate': {'min': 160, 'average': 173, 'max': 184, 'ending': 183}}]}, 'real_time': None}: Partner ID 1595072 not found in crnjakt_rowers
Error processing rower Filip Marković: Partner ID 1595072 not found in crnjakt_rowers
Flannery Hodgdon has latest record on:  None
Error processing workout {'id': 94453463, 'user_id': 2449240, 'date': '2024-11-25 19:24:00', 'timezone': 'America/New_York', 'date_utc': '2024-11-26 00:24:00', 'distance': 7539, 'type': 'rower', 'time': 24000, 'time_formatted': '46:00.0', 'workout_type': 'VariableInterval', 'source': 'ErgData iOS', 'weight_class': 'H', 'verified': True, 'ranked': False, 'comments': None, 'privacy': 'partners', 'stroke_data': True, 'rest_distance': 32, 'rest_time': 3600, 'calories_total': 398, 'drag_factor': 110, 'stroke_count': 869, 'stroke_rate': 21, 'heart_rate': {'max': 0, 'average': 0, 'min': 0}, 'workout': {'intervals': [{'machine': 'rower', 'type': 'time', 'time': 12000, 'distance': 3763, 'calories_total': 199, 'stroke_rate': 21, 'rest_distance': 15, 'rest_time': 1800, 'heart_rate': {'min': 255}}, {'machine': 'rower', 'type': 'time', 'time': 12000, 'distance': 3775, 'calories_total': 199, 'stroke_rate': 22, 'rest_distance': 17, 'rest_time': 1800, 'heart_rate': {'min': 255}}]}, 'real_time': None}: Partner ID 2449240 not found in crnjakt_rowers
Error processing rower Flannery Hodgdon: Partner ID 2449240 not found in crnjakt_rowers
Hailey McNitt has latest record on:  None
Error processing workout {'id': 94516153, 'user_id': 2449903, 'date': '2024-11-27 00:00:00', 'timezone': None, 'date_utc': None, 'distance': 7500, 'type': 'rower', 'time': 21600, 'time_formatted': '36:00.0', 'workout_type': 'unknown', 'source': 'Web', 'weight_class': 'H', 'verified': False, 'ranked': False, 'comments': '3x 12:00/2:00 r', 'privacy': 'partners', 'stroke_data': False, 'real_time': None}: Partner ID 2449903 not found in crnjakt_rowers
Error processing rower Hailey McNitt: Partner ID 2449903 not found in crnjakt_rowers
Isabelle  Brown has latest record on:  None
Error processing workout {'id': 93800956, 'user_id': 1673750, 'date': '2024-11-08 11:11:00', 'timezone': 'America/New_York', 'date_utc': '2024-11-08 16:11:00', 'distance': 2000, 'type': 'rower', 'time': 4933, 'time_formatted': '8:13.3', 'workout_type': 'FixedDistanceSplits', 'source': 'ErgData iOS', 'weight_class': 'H', 'verified': True, 'ranked': False, 'comments': None, 'privacy': 'partners', 'stroke_data': True, 'calories_total': 127, 'drag_factor': 116, 'stroke_count': 228, 'stroke_rate': 27, 'heart_rate': {'min': 0, 'max': 0, 'average': 0}, 'workout': {'targets': {}, 'splits': [{'time': 1245, 'distance': 500, 'calories_total': 31, 'stroke_rate': 27, 'heart_rate': {}}, {'time': 1243, 'distance': 500, 'calories_total': 32, 'stroke_rate': 27, 'heart_rate': {}}, {'time': 1265, 'distance': 500, 'calories_total': 31, 'stroke_rate': 27, 'heart_rate': {}}, {'time': 1181, 'distance': 500, 'calories_total': 33, 'stroke_rate': 29, 'heart_rate': {}}]}, 'real_time': None}: Partner ID 1673750 not found in crnjakt_rowers
Error processing rower Isabelle  Brown: Partner ID 1673750 not found in crnjakt_rowers
Katherine Bolebruch has latest record on:  None
Error processing workout {'id': 94742127, 'user_id': 2449116, 'date': '2024-11-28 00:00:00', 'timezone': None, 'date_utc': None, 'distance': 5000, 'type': 'rollerski', 'time': 13920, 'time_formatted': '23:12.0', 'workout_type': None, 'source': 'Web', 'weight_class': None, 'verified': False, 'ranked': False, 'comments': None, 'privacy': 'partners', 'stroke_data': False, 'real_time': None}: Partner ID 2449116 not found in crnjakt_rowers
Error processing rower Katherine Bolebruch: Partner ID 2449116 not found in crnjakt_rowers
Megan Miller has latest record on:  None
Error processing workout {'id': 94519628, 'user_id': 2456679, 'date': '2024-11-27 00:00:00', 'timezone': None, 'date_utc': None, 'distance': 7000, 'type': 'bike', 'time': 18000, 'time_formatted': '30:00.0', 'workout_type': 'unknown', 'source': 'Web', 'weight_class': None, 'verified': False, 'ranked': False, 'comments': 'Bike', 'privacy': 'partners', 'stroke_data': False, 'real_time': None}: Partner ID 2456679 not found in crnjakt_rowers
Error processing rower Megan Miller: Partner ID 2456679 not found in crnjakt_rowers
Ryan Graham has latest record on:  None
Error processing workout {'id': 94263909, 'user_id': 2095714, 'date': '2024-11-20 18:04:00', 'timezone': 'America/New_York', 'date_utc': '2024-11-20 23:04:00', 'distance': 12515, 'type': 'rower', 'time': 36000, 'time_formatted': '1:12:00.0', 'workout_type': 'FixedTimeInterval', 'source': 'ErgData iOS', 'weight_class': 'L', 'verified': True, 'ranked': False, 'comments': None, 'privacy': 'partners', 'stroke_data': True, 'rest_distance': 211, 'rest_time': 7200, 'calories_total': 703, 'drag_factor': 118, 'stroke_count': 1246, 'stroke_rate': 20, 'heart_rate': {'min': 83, 'average': 155, 'max': 167, 'ending': 166}, 'workout': {'targets': {}, 'intervals': [{'type': 'time', 'time': 9000, 'distance': 3198, 'calories_total': 183, 'stroke_rate': 20, 'rest_time': 1800, 'heart_rate': {'min': 81, 'average': 143, 'max': 156, 'ending': 156}}, {'type': 'time', 'time': 9000, 'distance': 3113, 'calories_total': 174, 'stroke_rate': 20, 'rest_time': 1800, 'heart_rate': {'min': 99, 'average': 144, 'max': 157, 'ending': 151}}, {'type': 'time', 'time': 9000, 'distance': 3089, 'calories_total': 172, 'stroke_rate': 21, 'rest_time': 1800, 'heart_rate': {'min': 103, 'average': 142, 'max': 158, 'ending': 149}}, {'type': 'time', 'time': 9000, 'distance': 3114, 'calories_total': 174, 'stroke_rate': 21, 'rest_time': 1800, 'heart_rate': {'min': 108, 'average': 148, 'max': 167, 'ending': 166}}]}, 'real_time': None}: Partner ID 2095714 not found in crnjakt_rowers
Error processing rower Ryan Graham: Partner ID 2095714 not found in crnjakt_rowers
Ryan  Muldoon has latest record on:  None
Error processing workout {'id': 94560049, 'user_id': 2445980, 'date': '2024-11-28 11:12:00', 'timezone': 'America/New_York', 'date_utc': '2024-11-28 16:12:00', 'distance': 15379, 'type': 'rower', 'time': 36000, 'time_formatted': '1:15:00.0', 'workout_type': 'FixedTimeInterval', 'source': 'ErgData iOS', 'weight_class': 'H', 'verified': True, 'ranked': False, 'comments': None, 'privacy': 'partners', 'stroke_data': True, 'rest_distance': 630, 'rest_time': 9000, 'calories_total': 1050, 'stroke_count': 1460, 'stroke_rate': 23, 'heart_rate': {'min': 82, 'average': 178, 'max': 185, 'ending': 181}, 'workout': {'targets': {}, 'intervals': [{'type': 'time', 'time': 12000, 'distance': 5061, 'calories_total': 340, 'stroke_rate': 22, 'rest_time': 3000, 'heart_rate': {'min': 76, 'average': 154, 'max': 174, 'ending': 174}}, {'type': 'time', 'time': 12000, 'distance': 5113, 'calories_total': 348, 'stroke_rate': 23, 'rest_time': 3000, 'heart_rate': {'min': 100, 'average': 161, 'max': 180, 'ending': 180}}, {'type': 'time', 'time': 12000, 'distance': 5205, 'calories_total': 362, 'stroke_rate': 25, 'rest_time': 3000, 'heart_rate': {'min': 109, 'average': 169, 'max': 185, 'ending': 181}}]}, 'real_time': None}: Partner ID 2445980 not found in crnjakt_rowers
Error processing rower Ryan  Muldoon: Partner ID 2445980 not found in crnjakt_rowers
Sarah Fish has latest record on:  None
No workouts found for rower ('Sarah Fish', {'name': 'Sarah Fish', 'partner_id': '1749968'})
Timothy Hewitt has latest record on:  None
Error processing workout {'id': 94448800, 'user_id': 2447894, 'date': '2024-11-25 17:00:00', 'timezone': 'America/New_York', 'date_utc': '2024-11-25 22:00:00', 'distance': 13917, 'type': 'rower', 'time': 36000, 'time_formatted': '1:09:00.0', 'workout_type': 'VariableInterval', 'source': 'ErgData iOS', 'weight_class': 'H', 'verified': True, 'ranked': False, 'comments': None, 'privacy': 'partners', 'stroke_data': True, 'rest_distance': 549, 'rest_time': 5400, 'calories_total': 855, 'drag_factor': 107, 'stroke_count': 1410, 'stroke_rate': 22, 'heart_rate': {'max': 0, 'min': 0, 'average': 0}, 'workout': {'intervals': [{'machine': 'rower', 'type': 'time', 'time': 12000, 'distance': 4622, 'calories_total': 283, 'stroke_rate': 22, 'rest_distance': 169, 'rest_time': 1800, 'heart_rate': {}, 'targets': {}}, {'machine': 'rower', 'type': 'time', 'time': 12000, 'distance': 4631, 'calories_total': 284, 'stroke_rate': 23, 'rest_distance': 187, 'rest_time': 1800, 'heart_rate': {}, 'targets': {}}, {'machine': 'rower', 'type': 'time', 'time': 12000, 'distance': 4664, 'calories_total': 288, 'stroke_rate': 23, 'rest_distance': 193, 'rest_time': 1800, 'heart_rate': {}, 'targets': {}}]}, 'real_time': None}: Partner ID 2447894 not found in crnjakt_rowers
Error processing rower Timothy Hewitt: Partner ID 2447894 not found in crnjakt_rowers
Tom Kiefer has latest record on:  None
Error processing workout {'id': 94120154, 'user_id': 2451871, 'date': '2024-11-17 09:46:00', 'timezone': 'America/New_York', 'date_utc': '2024-11-17 14:46:00', 'distance': 12988, 'type': 'rower', 'time': 36000, 'time_formatted': '1:12:00.0', 'workout_type': 'FixedTimeInterval', 'source': 'ErgData iOS', 'weight_class': 'H', 'verified': True, 'ranked': False, 'comments': None, 'privacy': 'partners', 'stroke_data': True, 'rest_distance': 115, 'rest_time': 7200, 'calories_total': 751, 'drag_factor': 130, 'stroke_count': 1273, 'stroke_rate': 21, 'heart_rate': {'average': 0, 'min': 0, 'max': 0}, 'workout': {'intervals': [{'type': 'time', 'time': 9000, 'distance': 3217, 'calories_total': 185, 'stroke_rate': 21, 'rest_time': 1800, 'heart_rate': {}}, {'type': 'time', 'time': 9000, 'distance': 3309, 'calories_total': 194, 'stroke_rate': 21, 'rest_time': 1800, 'heart_rate': {}}, {'type': 'time', 'time': 9000, 'distance': 3235, 'calories_total': 186, 'stroke_rate': 21, 'rest_time': 1800, 'heart_rate': {}}, {'type': 'time', 'time': 9000, 'distance': 3227, 'calories_total': 186, 'stroke_rate': 21, 'rest_time': 1800, 'heart_rate': {}}]}, 'real_time': None}: Partner ID 2451871 not found in crnjakt_rowers
Error processing rower Tom Kiefer: Partner ID 2451871 not found in crnjakt_rowers
Toni Crnjak has latest record on:  None
Error processing workout {'id': 94701422, 'user_id': 1306790, 'date': '2024-12-01 19:19:00', 'timezone': 'America/Toronto', 'date_utc': '2024-12-02 00:19:00', 'distance': 20775, 'type': 'rower', 'time': 48000, 'time_formatted': '1:40:00.0', 'workout_type': 'FixedTimeInterval', 'source': 'ErgData Android', 'weight_class': 'L', 'verified': True, 'ranked': False, 'comments': None, 'privacy': 'partners', 'stroke_data': True, 'rest_distance': 229, 'rest_time': 12000, 'calories_total': 1439, 'drag_factor': 125, 'stroke_count': 1614, 'stroke_rate': 20, 'heart_rate': {'average': 156, 'min': 0, 'max': 0, 'ending': 156, 'recovery': 0}, 'workout': {'intervals': [{'type': 'time', 'time': 12000, 'distance': 5183, 'calories_total': 358, 'stroke_rate': 20, 'rest_time': 3000, 'heart_rate': {'average': 152, 'min': 82, 'max': 162, 'ending': 157, 'recovery': 0, 'rest': 109}}, {'type': 'time', 'time': 12000, 'distance': 5184, 'calories_total': 358, 'stroke_rate': 20, 'rest_time': 3000, 'heart_rate': {'average': 145, 'min': 90, 'max': 162, 'ending': 156, 'recovery': 0, 'rest': 110}}, {'type': 'time', 'time': 12000, 'distance': 5203, 'calories_total': 361, 'stroke_rate': 20, 'rest_time': 3000, 'heart_rate': {'average': 144, 'min': 92, 'max': 160, 'ending': 157, 'recovery': 0, 'rest': 106}}, {'type': 'time', 'time': 12000, 'distance': 5205, 'calories_total': 362, 'stroke_rate': 20, 'rest_time': 3000, 'heart_rate': {'average': 142, 'min': 87, 'max': 158, 'ending': 157, 'recovery': 0, 'rest': 144}}]}, 'real_time': None}: Partner ID 1306790 not found in crnjakt_rowers
Error processing rower Toni Crnjak: Partner ID 1306790 not found in crnjakt_rowers
Trent Crook has latest record on:  None
Error processing workout {'id': 94202206, 'user_id': 1778829, 'date': '2024-11-19 11:02:00', 'timezone': 'America/New_York', 'date_utc': '2024-11-19 16:02:00', 'distance': 9299, 'type': 'rower', 'time': 27000, 'time_formatted': '51:00.0', 'workout_type': 'FixedTimeInterval', 'source': 'ErgData iOS', 'weight_class': 'H', 'verified': True, 'ranked': False, 'comments': None, 'privacy': 'partners', 'stroke_data': True, 'rest_distance': 56, 'rest_time': 3600, 'calories_total': 519, 'drag_factor': 116, 'stroke_count': 935, 'stroke_rate': 20, 'heart_rate': {'min': 0, 'average': 155, 'max': 159, 'ending': 157}, 'workout': {'targets': {}, 'intervals': [{'type': 'time', 'time': 9000, 'distance': 3097, 'calories_total': 173, 'stroke_rate': 20, 'rest_time': 1200, 'heart_rate': {'min': 64, 'average': 125, 'max': 154, 'ending': 150}}, {'type': 'time', 'time': 9000, 'distance': 3106, 'calories_total': 174, 'stroke_rate': 21, 'rest_time': 1200, 'heart_rate': {'min': 121, 'average': 150, 'max': 159, 'ending': 159}}, {'type': 'time', 'time': 9000, 'distance': 3095, 'calories_total': 172, 'stroke_rate': 21, 'rest_time': 1200, 'heart_rate': {'min': 123, 'average': 148, 'max': 157, 'ending': 157}}]}, 'real_time': None}: Partner ID 1778829 not found in crnjakt_rowers
Error processing rower Trent Crook: Partner ID 1778829 not found in crnjakt_rowers
Vukota Miric has latest record on:  None
Error processing workout {'id': 94377669, 'user_id': 2457332, 'date': '2024-11-23 19:37:00', 'timezone': 'America/New_York', 'date_utc': '2024-11-24 00:37:00', 'distance': 3259, 'type': 'rower', 'time': 9073, 'time_formatted': '15:07.3', 'workout_type': 'JustRow', 'source': 'ErgData iOS', 'weight_class': 'H', 'verified': True, 'ranked': False, 'comments': None, 'privacy': 'partners', 'stroke_data': True, 'calories_total': 186, 'drag_factor': 115, 'stroke_count': 430, 'stroke_rate': 28, 'heart_rate': {'max': 0, 'min': 0, 'average': 0}, 'workout': {'splits': [{'time': 3000, 'distance': 1074, 'calories_total': 61, 'stroke_rate': 28, 'heart_rate': {}}, {'time': 3000, 'distance': 1071, 'calories_total': 61, 'stroke_rate': 29, 'heart_rate': {}}, {'time': 3000, 'distance': 1089, 'calories_total': 63, 'stroke_rate': 30, 'heart_rate': {}}, {'time': 73, 'distance': 25, 'calories_total': 1, 'stroke_rate': 8, 'heart_rate': {}}]}, 'real_time': None}: Partner ID 2457332 not found in crnjakt_rowers
Error processing rower Vukota Miric: Partner ID 2457332 not found in crnjakt_rowers
Wendy Shih has latest record on:  None
Error processing workout {'id': 94704165, 'user_id': 2095733, 'date': '2024-12-01 00:00:00', 'timezone': None, 'date_utc': None, 'distance': 4236, 'type': 'paddle', 'time': 18600, 'time_formatted': '31:00.0', 'workout_type': 'unknown', 'source': 'Web', 'weight_class': 'H', 'verified': False, 'ranked': False, 'comments': 'Walk', 'privacy': 'partners', 'stroke_data': False, 'real_time': None}: Partner ID 2095733 not found in crnjakt_rowers
Error processing rower Wendy Shih: Partner ID 2095733 not found in crnjakt_rowers
Script ran successfully! Elapsed time:  716.8974940776825
